  [1m[35m (421.0ms)[0m  [1m[35mCREATE DATABASE "reddit_clone_development" ENCODING = 'unicode'[0m
  ↳ bin/rails:9
  [1m[35m (405.8ms)[0m  [1m[35mCREATE DATABASE "reddit_clone_test" ENCODING = 'unicode'[0m
  ↳ bin/rails:9
  [1m[35m (38.3ms)[0m  [1m[35mCREATE TABLE "schema_migrations" ("version" character varying NOT NULL PRIMARY KEY)[0m
  ↳ bin/rails:9
  [1m[35m (30.6ms)[0m  [1m[35mCREATE TABLE "ar_internal_metadata" ("key" character varying NOT NULL PRIMARY KEY, "value" character varying, "created_at" timestamp NOT NULL, "updated_at" timestamp NOT NULL)[0m
  ↳ bin/rails:9
  [1m[35m (0.9ms)[0m  [1m[34mSELECT pg_try_advisory_lock(688274183373989625)[0m
  ↳ bin/rails:9
  [1m[35m (0.8ms)[0m  [1m[34mSELECT "schema_migrations"."version" FROM "schema_migrations" ORDER BY "schema_migrations"."version" ASC[0m
  ↳ bin/rails:9
Migrating to CreateUsers (20201214155853)
  [1m[35m (0.2ms)[0m  [1m[35mBEGIN[0m
  ↳ bin/rails:9
  [1m[35m (11.1ms)[0m  [1m[35mCREATE TABLE "users" ("id" bigserial primary key, "username" character varying NOT NULL, "session_token" character varying NOT NULL, "password_digest" character varying NOT NULL, "created_at" timestamp NOT NULL, "updated_at" timestamp NOT NULL)[0m
  ↳ db/migrate/20201214155853_create_users.rb:3
  [1m[36mActiveRecord::SchemaMigration Create (1.4ms)[0m  [1m[32mINSERT INTO "schema_migrations" ("version") VALUES ($1) RETURNING "version"[0m  [["version", "20201214155853"]]
  ↳ bin/rails:9
  [1m[35m (9.5ms)[0m  [1m[35mCOMMIT[0m
  ↳ bin/rails:9
  [1m[36mActiveRecord::InternalMetadata Load (1.0ms)[0m  [1m[34mSELECT  "ar_internal_metadata".* FROM "ar_internal_metadata" WHERE "ar_internal_metadata"."key" = $1 LIMIT $2[0m  [["key", "environment"], ["LIMIT", 1]]
  ↳ bin/rails:9
  [1m[35m (0.3ms)[0m  [1m[35mBEGIN[0m
  ↳ bin/rails:9
  [1m[36mActiveRecord::InternalMetadata Create (1.5ms)[0m  [1m[32mINSERT INTO "ar_internal_metadata" ("key", "value", "created_at", "updated_at") VALUES ($1, $2, $3, $4) RETURNING "key"[0m  [["key", "environment"], ["value", "development"], ["created_at", "2020-12-14 16:00:51.612201"], ["updated_at", "2020-12-14 16:00:51.612201"]]
  ↳ bin/rails:9
  [1m[35m (11.5ms)[0m  [1m[35mCOMMIT[0m
  ↳ bin/rails:9
  [1m[35m (1.7ms)[0m  [1m[34mSELECT pg_advisory_unlock(688274183373989625)[0m
  ↳ bin/rails:9
  [1m[35m (0.3ms)[0m  [1m[34mSELECT "schema_migrations"."version" FROM "schema_migrations" ORDER BY "schema_migrations"."version" ASC[0m
  ↳ bin/rails:9
  [1m[35m (14.8ms)[0m  [1m[34mSELECT pg_try_advisory_lock(688274183373989625)[0m
  ↳ bin/rails:9
  [1m[35m (3.0ms)[0m  [1m[34mSELECT "schema_migrations"."version" FROM "schema_migrations" ORDER BY "schema_migrations"."version" ASC[0m
  ↳ bin/rails:9
Migrating to CreateSubs (20201214184115)
  [1m[35m (0.4ms)[0m  [1m[35mBEGIN[0m
  ↳ bin/rails:9
  [1m[35m (165.7ms)[0m  [1m[35mCREATE TABLE "subs" ("id" bigserial primary key, "title" character varying NOT NULL, "url" character varying, "content" character varying, "user_id" integer NOT NULL, "created_at" timestamp NOT NULL, "updated_at" timestamp NOT NULL)[0m
  ↳ db/migrate/20201214184115_create_subs.rb:3
  [1m[36mActiveRecord::SchemaMigration Create (45.6ms)[0m  [1m[32mINSERT INTO "schema_migrations" ("version") VALUES ($1) RETURNING "version"[0m  [["version", "20201214184115"]]
  ↳ bin/rails:9
  [1m[35m (6.0ms)[0m  [1m[35mCOMMIT[0m
  ↳ bin/rails:9
  [1m[36mActiveRecord::InternalMetadata Load (1.0ms)[0m  [1m[34mSELECT  "ar_internal_metadata".* FROM "ar_internal_metadata" WHERE "ar_internal_metadata"."key" = $1 LIMIT $2[0m  [["key", "environment"], ["LIMIT", 1]]
  ↳ bin/rails:9
  [1m[35m (0.3ms)[0m  [1m[35mBEGIN[0m
  ↳ bin/rails:9
  [1m[35m (0.3ms)[0m  [1m[35mCOMMIT[0m
  ↳ bin/rails:9
  [1m[35m (0.4ms)[0m  [1m[34mSELECT pg_advisory_unlock(688274183373989625)[0m
  ↳ bin/rails:9
  [1m[35m (0.4ms)[0m  [1m[34mSELECT "schema_migrations"."version" FROM "schema_migrations" ORDER BY "schema_migrations"."version" ASC[0m
  ↳ bin/rails:9
Started GET "/" for ::1 at 2020-12-14 14:48:41 -0500
  [1m[35m (2.1ms)[0m  [1m[34mSELECT "schema_migrations"."version" FROM "schema_migrations" ORDER BY "schema_migrations"."version" ASC[0m
  ↳ /home/soura934/.rbenv/versions/2.5.1/lib/ruby/gems/2.5.0/gems/activerecord-5.2.4.4/lib/active_record/log_subscriber.rb:98
Processing by Rails::WelcomeController#index as HTML
  Rendering /home/soura934/.rbenv/versions/2.5.1/lib/ruby/gems/2.5.0/gems/railties-5.2.4.4/lib/rails/templates/rails/welcome/index.html.erb
  Rendered /home/soura934/.rbenv/versions/2.5.1/lib/ruby/gems/2.5.0/gems/railties-5.2.4.4/lib/rails/templates/rails/welcome/index.html.erb (3.2ms)
Completed 200 OK in 94ms (Views: 22.6ms | ActiveRecord: 0.0ms)


Started GET "/new" for ::1 at 2020-12-14 14:48:49 -0500
  
ActionController::RoutingError (No route matches [GET] "/new"):
  
actionpack (5.2.4.4) lib/action_dispatch/middleware/debug_exceptions.rb:65:in `call'
web-console (3.7.0) lib/web_console/middleware.rb:135:in `call_app'
web-console (3.7.0) lib/web_console/middleware.rb:30:in `block in call'
web-console (3.7.0) lib/web_console/middleware.rb:20:in `catch'
web-console (3.7.0) lib/web_console/middleware.rb:20:in `call'
actionpack (5.2.4.4) lib/action_dispatch/middleware/show_exceptions.rb:33:in `call'
railties (5.2.4.4) lib/rails/rack/logger.rb:38:in `call_app'
railties (5.2.4.4) lib/rails/rack/logger.rb:26:in `block in call'
activesupport (5.2.4.4) lib/active_support/tagged_logging.rb:71:in `block in tagged'
activesupport (5.2.4.4) lib/active_support/tagged_logging.rb:28:in `tagged'
activesupport (5.2.4.4) lib/active_support/tagged_logging.rb:71:in `tagged'
railties (5.2.4.4) lib/rails/rack/logger.rb:26:in `call'
sprockets-rails (3.2.2) lib/sprockets/rails/quiet_assets.rb:13:in `call'
actionpack (5.2.4.4) lib/action_dispatch/middleware/remote_ip.rb:81:in `call'
actionpack (5.2.4.4) lib/action_dispatch/middleware/request_id.rb:27:in `call'
rack (2.2.3) lib/rack/method_override.rb:24:in `call'
rack (2.2.3) lib/rack/runtime.rb:22:in `call'
activesupport (5.2.4.4) lib/active_support/cache/strategy/local_cache_middleware.rb:29:in `call'
actionpack (5.2.4.4) lib/action_dispatch/middleware/executor.rb:14:in `call'
actionpack (5.2.4.4) lib/action_dispatch/middleware/static.rb:127:in `call'
rack (2.2.3) lib/rack/sendfile.rb:110:in `call'
railties (5.2.4.4) lib/rails/engine.rb:524:in `call'
puma (3.12.6) lib/puma/configuration.rb:227:in `call'
puma (3.12.6) lib/puma/server.rb:706:in `handle_request'
puma (3.12.6) lib/puma/server.rb:476:in `process_client'
puma (3.12.6) lib/puma/server.rb:334:in `block in run'
puma (3.12.6) lib/puma/thread_pool.rb:135:in `block in spawn_thread'
Started GET "/users" for ::1 at 2020-12-14 14:49:05 -0500
Processing by UsersController#index as HTML
  Rendering users/index.html.erb within layouts/application
  Rendered users/index.html.erb within layouts/application (0.3ms)
  [1m[36mUser Load (1.4ms)[0m  [1m[34mSELECT  "users".* FROM "users" WHERE "users"."session_token" IS NULL LIMIT $1[0m  [["LIMIT", 1]]
  ↳ app/controllers/application_controller.rb:5
Completed 200 OK in 6563ms (Views: 6463.2ms | ActiveRecord: 6.0ms)


Started GET "/users/new" for ::1 at 2020-12-14 14:49:46 -0500
Processing by UsersController#new as HTML
  Rendering users/new.html.erb within layouts/application
  Rendered users/new.html.erb within layouts/application (0.9ms)
  [1m[36mUser Load (0.4ms)[0m  [1m[34mSELECT  "users".* FROM "users" WHERE "users"."session_token" IS NULL LIMIT $1[0m  [["LIMIT", 1]]
  ↳ app/controllers/application_controller.rb:5
Completed 200 OK in 753ms (Views: 731.7ms | ActiveRecord: 8.4ms)


Started POST "/users" for ::1 at 2020-12-14 14:51:12 -0500
Processing by UsersController#create as HTML
  Parameters: {"authenticity_token"=>"vhGJlcrpktHBvnWf65ZdoIraBTXVdnauRuVBy03OrZJgxS1lvyfQnQmPymSzf+1KjJFOuEWhE1cBwYXU6rTuYw==", "user"=>{"username"=>"username", "password"=>"[FILTERED]"}}
  [1m[35m (0.5ms)[0m  [1m[35mBEGIN[0m
  ↳ app/controllers/users_controller.rb:9
  [1m[36mUser Exists (1.6ms)[0m  [1m[34mSELECT  1 AS one FROM "users" WHERE "users"."username" = $1 LIMIT $2[0m  [["username", "username"], ["LIMIT", 1]]
  ↳ app/controllers/users_controller.rb:9
  [1m[36mUser Create (29.1ms)[0m  [1m[32mINSERT INTO "users" ("username", "session_token", "password_digest", "created_at", "updated_at") VALUES ($1, $2, $3, $4, $5) RETURNING "id"[0m  [["username", "username"], ["session_token", "ZZ86dGWAGQ7oNwzO_kBXlg"], ["password_digest", "$2a$12$Em6i.xD/2v5tyTCD/dO3WusZn3pvX1tBY0fy.HYIJ2wSdM/n45O2C"], ["created_at", "2020-12-14 19:51:13.149096"], ["updated_at", "2020-12-14 19:51:13.149096"]]
  ↳ app/controllers/users_controller.rb:9
  [1m[35m (4.2ms)[0m  [1m[35mCOMMIT[0m
  ↳ app/controllers/users_controller.rb:9
  [1m[35m (0.4ms)[0m  [1m[35mBEGIN[0m
  ↳ app/models/user.rb:34
  [1m[36mUser Exists (0.9ms)[0m  [1m[34mSELECT  1 AS one FROM "users" WHERE "users"."username" = $1 AND "users"."id" != $2 LIMIT $3[0m  [["username", "username"], ["id", 1], ["LIMIT", 1]]
  ↳ app/models/user.rb:34
  [1m[36mUser Update (15.3ms)[0m  [1m[33mUPDATE "users" SET "session_token" = $1, "updated_at" = $2 WHERE "users"."id" = $3[0m  [["session_token", "YLnIarmgKs3n736J7veKmw"], ["updated_at", "2020-12-14 19:51:13.203912"], ["id", 1]]
  ↳ app/models/user.rb:34
  [1m[35m (3.5ms)[0m  [1m[35mCOMMIT[0m
  ↳ app/models/user.rb:34
Redirected to http://localhost:3000/users
Completed 302 Found in 479ms (ActiveRecord: 55.5ms)


Started GET "/users" for ::1 at 2020-12-14 14:51:13 -0500
Processing by UsersController#index as HTML
  Rendering users/index.html.erb within layouts/application
  Rendered users/index.html.erb within layouts/application (0.6ms)
  [1m[36mUser Load (0.7ms)[0m  [1m[34mSELECT  "users".* FROM "users" WHERE "users"."session_token" = $1 LIMIT $2[0m  [["session_token", "YLnIarmgKs3n736J7veKmw"], ["LIMIT", 1]]
  ↳ app/controllers/application_controller.rb:5
Completed 200 OK in 1027ms (Views: 915.7ms | ActiveRecord: 0.7ms)


Started DELETE "/session" for ::1 at 2020-12-14 14:51:29 -0500
Processing by SessionsController#destroy as HTML
Can't verify CSRF token authenticity.
Completed 422 Unprocessable Entity in 4ms (ActiveRecord: 0.0ms)



ActionController::InvalidAuthenticityToken - ActionController::InvalidAuthenticityToken:

Started POST "/__better_errors/bd5f7f6662568d58/variables" for ::1 at 2020-12-14 14:51:31 -0500
Started DELETE "/session" for ::1 at 2020-12-14 14:52:43 -0500
Processing by SessionsController#destroy as HTML
Can't verify CSRF token authenticity.
Completed 422 Unprocessable Entity in 2ms (ActiveRecord: 0.0ms)



ActionController::InvalidAuthenticityToken - ActionController::InvalidAuthenticityToken:

Started POST "/__better_errors/8e1260f330c0cdf6/variables" for ::1 at 2020-12-14 14:52:43 -0500
Started DELETE "/session" for ::1 at 2020-12-14 14:52:54 -0500
Processing by SessionsController#destroy as HTML
Can't verify CSRF token authenticity.
Completed 422 Unprocessable Entity in 3ms (ActiveRecord: 0.0ms)



ActionController::InvalidAuthenticityToken - ActionController::InvalidAuthenticityToken:

Started POST "/__better_errors/30fb3ad619835a94/variables" for ::1 at 2020-12-14 14:52:55 -0500
Started GET "/session/new" for ::1 at 2020-12-14 14:53:01 -0500
Processing by SessionsController#new as HTML
  Rendering sessions/new.html.erb within layouts/application
  Rendered sessions/new.html.erb within layouts/application (0.8ms)
  [1m[36mUser Load (0.9ms)[0m  [1m[34mSELECT  "users".* FROM "users" WHERE "users"."session_token" = $1 LIMIT $2[0m  [["session_token", "YLnIarmgKs3n736J7veKmw"], ["LIMIT", 1]]
  ↳ app/controllers/application_controller.rb:5
Completed 200 OK in 758ms (Views: 755.5ms | ActiveRecord: 0.9ms)


Started DELETE "/session" for ::1 at 2020-12-14 14:53:03 -0500
Processing by SessionsController#destroy as HTML
Can't verify CSRF token authenticity.
Completed 422 Unprocessable Entity in 2ms (ActiveRecord: 0.0ms)



ActionController::InvalidAuthenticityToken - ActionController::InvalidAuthenticityToken:

Started POST "/__better_errors/09c7f6a4a16d4c24/variables" for ::1 at 2020-12-14 14:53:03 -0500
Started DELETE "/session" for ::1 at 2020-12-14 14:54:26 -0500
Processing by SessionsController#destroy as HTML
Can't verify CSRF token authenticity.
Completed 422 Unprocessable Entity in 3ms (ActiveRecord: 0.0ms)



ActionController::InvalidAuthenticityToken - ActionController::InvalidAuthenticityToken:

Started POST "/__better_errors/58362c5a7042a0dc/variables" for ::1 at 2020-12-14 14:54:27 -0500
Started GET "/session" for ::1 at 2020-12-14 14:55:56 -0500
  
ActionController::RoutingError (No route matches [GET] "/session"):
  
actionpack (5.2.4.4) lib/action_dispatch/middleware/debug_exceptions.rb:65:in `call'
web-console (3.7.0) lib/web_console/middleware.rb:135:in `call_app'
web-console (3.7.0) lib/web_console/middleware.rb:30:in `block in call'
web-console (3.7.0) lib/web_console/middleware.rb:20:in `catch'
web-console (3.7.0) lib/web_console/middleware.rb:20:in `call'
actionpack (5.2.4.4) lib/action_dispatch/middleware/show_exceptions.rb:33:in `call'
railties (5.2.4.4) lib/rails/rack/logger.rb:38:in `call_app'
railties (5.2.4.4) lib/rails/rack/logger.rb:26:in `block in call'
activesupport (5.2.4.4) lib/active_support/tagged_logging.rb:71:in `block in tagged'
activesupport (5.2.4.4) lib/active_support/tagged_logging.rb:28:in `tagged'
activesupport (5.2.4.4) lib/active_support/tagged_logging.rb:71:in `tagged'
railties (5.2.4.4) lib/rails/rack/logger.rb:26:in `call'
sprockets-rails (3.2.2) lib/sprockets/rails/quiet_assets.rb:13:in `call'
actionpack (5.2.4.4) lib/action_dispatch/middleware/remote_ip.rb:81:in `call'
actionpack (5.2.4.4) lib/action_dispatch/middleware/request_id.rb:27:in `call'
rack (2.2.3) lib/rack/method_override.rb:24:in `call'
rack (2.2.3) lib/rack/runtime.rb:22:in `call'
activesupport (5.2.4.4) lib/active_support/cache/strategy/local_cache_middleware.rb:29:in `call'
actionpack (5.2.4.4) lib/action_dispatch/middleware/executor.rb:14:in `call'
actionpack (5.2.4.4) lib/action_dispatch/middleware/static.rb:127:in `call'
rack (2.2.3) lib/rack/sendfile.rb:110:in `call'
railties (5.2.4.4) lib/rails/engine.rb:524:in `call'
puma (3.12.6) lib/puma/configuration.rb:227:in `call'
puma (3.12.6) lib/puma/server.rb:706:in `handle_request'
puma (3.12.6) lib/puma/server.rb:476:in `process_client'
puma (3.12.6) lib/puma/server.rb:334:in `block in run'
puma (3.12.6) lib/puma/thread_pool.rb:135:in `block in spawn_thread'
Started GET "/users" for ::1 at 2020-12-14 14:56:30 -0500
  [1m[35m (0.8ms)[0m  [1m[34mSELECT "schema_migrations"."version" FROM "schema_migrations" ORDER BY "schema_migrations"."version" ASC[0m
  ↳ /home/soura934/.rbenv/versions/2.5.1/lib/ruby/gems/2.5.0/gems/activerecord-5.2.4.4/lib/active_record/log_subscriber.rb:98
Processing by UsersController#index as HTML
  Rendering users/index.html.erb within layouts/application
  Rendered users/index.html.erb within layouts/application (1.5ms)
  [1m[36mUser Load (0.7ms)[0m  [1m[34mSELECT  "users".* FROM "users" WHERE "users"."session_token" = $1 LIMIT $2[0m  [["session_token", "YLnIarmgKs3n736J7veKmw"], ["LIMIT", 1]]
  ↳ app/controllers/application_controller.rb:5
Completed 200 OK in 2902ms (Views: 2836.2ms | ActiveRecord: 7.2ms)


Started GET "/session/new" for ::1 at 2020-12-14 14:56:39 -0500
Processing by SessionsController#new as HTML
  Rendering sessions/new.html.erb within layouts/application
  Rendered sessions/new.html.erb within layouts/application (0.8ms)
  [1m[36mUser Load (0.8ms)[0m  [1m[34mSELECT  "users".* FROM "users" WHERE "users"."session_token" = $1 LIMIT $2[0m  [["session_token", "YLnIarmgKs3n736J7veKmw"], ["LIMIT", 1]]
  ↳ app/controllers/application_controller.rb:5
Completed 200 OK in 746ms (Views: 744.4ms | ActiveRecord: 0.8ms)


Started DELETE "/session" for ::1 at 2020-12-14 14:56:46 -0500
Processing by SessionsController#destroy as HTML
  Parameters: {"authenticity_token"=>"s4mmENrTEznAQOj2C714HKNjEb7F6xAfSLp/etHUdh9tXQLgrx1RdQhxVw1TVMj2pShaM1U8deYPnrtldq417g=="}
  [1m[36mUser Load (0.7ms)[0m  [1m[34mSELECT  "users".* FROM "users" WHERE "users"."session_token" = $1 LIMIT $2[0m  [["session_token", "YLnIarmgKs3n736J7veKmw"], ["LIMIT", 1]]
  ↳ app/controllers/application_controller.rb:5
  [1m[35m (0.4ms)[0m  [1m[35mBEGIN[0m
  ↳ app/models/user.rb:34
  [1m[36mUser Exists (0.7ms)[0m  [1m[34mSELECT  1 AS one FROM "users" WHERE "users"."username" = $1 AND "users"."id" != $2 LIMIT $3[0m  [["username", "username"], ["id", 1], ["LIMIT", 1]]
  ↳ app/models/user.rb:34
  [1m[36mUser Update (0.9ms)[0m  [1m[33mUPDATE "users" SET "session_token" = $1, "updated_at" = $2 WHERE "users"."id" = $3[0m  [["session_token", "ro-GjDLVLA7AkKBmclBztA"], ["updated_at", "2020-12-14 19:56:46.432324"], ["id", 1]]
  ↳ app/models/user.rb:34
  [1m[35m (27.9ms)[0m  [1m[35mCOMMIT[0m
  ↳ app/models/user.rb:34
Redirected to http://localhost:3000/session/new
Completed 302 Found in 52ms (ActiveRecord: 30.5ms)


Started GET "/session/new" for ::1 at 2020-12-14 14:56:46 -0500
Processing by SessionsController#new as HTML
  Rendering sessions/new.html.erb within layouts/application
  Rendered sessions/new.html.erb within layouts/application (0.8ms)
  [1m[36mUser Load (0.4ms)[0m  [1m[34mSELECT  "users".* FROM "users" WHERE "users"."session_token" IS NULL LIMIT $1[0m  [["LIMIT", 1]]
  ↳ app/controllers/application_controller.rb:5
Completed 200 OK in 762ms (Views: 760.8ms | ActiveRecord: 0.4ms)


Started POST "/session" for ::1 at 2020-12-14 14:57:06 -0500
Processing by SessionsController#create as HTML
  Parameters: {"authenticity_token"=>"GVthV5s97Sj8flzenAyNWVpJefuuwmCiB07aNtjwHCPHj8Wn7vOvZDRP4yXE5T2zXAIydj4VBVtAah4pf4pf0g==", "user"=>{"username"=>"username", "password"=>"[FILTERED]"}}
  [1m[36mUser Load (0.5ms)[0m  [1m[34mSELECT  "users".* FROM "users" WHERE "users"."username" = $1 LIMIT $2[0m  [["username", "username"], ["LIMIT", 1]]
  ↳ app/models/user.rb:24
  [1m[35m (0.3ms)[0m  [1m[35mBEGIN[0m
  ↳ app/models/user.rb:34
  [1m[36mUser Exists (0.8ms)[0m  [1m[34mSELECT  1 AS one FROM "users" WHERE "users"."username" = $1 AND "users"."id" != $2 LIMIT $3[0m  [["username", "username"], ["id", 1], ["LIMIT", 1]]
  ↳ app/models/user.rb:34
  [1m[36mUser Update (0.9ms)[0m  [1m[33mUPDATE "users" SET "session_token" = $1, "updated_at" = $2 WHERE "users"."id" = $3[0m  [["session_token", "r6uSaq12GSsOfYYCnu5_og"], ["updated_at", "2020-12-14 19:57:06.731004"], ["id", 1]]
  ↳ app/models/user.rb:34
  [1m[35m (16.9ms)[0m  [1m[35mCOMMIT[0m
  ↳ app/models/user.rb:34
Redirected to http://localhost:3000/users
Completed 302 Found in 351ms (ActiveRecord: 19.3ms)


Started GET "/users" for ::1 at 2020-12-14 14:57:06 -0500
Processing by UsersController#index as HTML
  Rendering users/index.html.erb within layouts/application
  Rendered users/index.html.erb within layouts/application (0.4ms)
  [1m[36mUser Load (0.6ms)[0m  [1m[34mSELECT  "users".* FROM "users" WHERE "users"."session_token" = $1 LIMIT $2[0m  [["session_token", "r6uSaq12GSsOfYYCnu5_og"], ["LIMIT", 1]]
  ↳ app/controllers/application_controller.rb:5
Completed 200 OK in 767ms (Views: 765.2ms | ActiveRecord: 0.6ms)


Started GET "/users/new" for ::1 at 2020-12-14 14:57:17 -0500
Processing by UsersController#new as HTML
  Rendering users/new.html.erb within layouts/application
  Rendered users/new.html.erb within layouts/application (1.0ms)
  [1m[36mUser Load (0.8ms)[0m  [1m[34mSELECT  "users".* FROM "users" WHERE "users"."session_token" = $1 LIMIT $2[0m  [["session_token", "r6uSaq12GSsOfYYCnu5_og"], ["LIMIT", 1]]
  ↳ app/controllers/application_controller.rb:5
Completed 200 OK in 685ms (Views: 683.0ms | ActiveRecord: 0.8ms)


Started GET "/subs/new" for ::1 at 2020-12-14 14:57:28 -0500
Processing by SubsController#new as HTML
  [1m[36mUser Load (0.5ms)[0m  [1m[34mSELECT  "users".* FROM "users" WHERE "users"."session_token" = $1 LIMIT $2[0m  [["session_token", "r6uSaq12GSsOfYYCnu5_og"], ["LIMIT", 1]]
  ↳ app/controllers/application_controller.rb:5
  Rendering subs/new.html.erb within layouts/application
  Rendered subs/new.html.erb within layouts/application (1.0ms)
Completed 200 OK in 900ms (Views: 818.8ms | ActiveRecord: 5.9ms)


Started POST "/subs" for ::1 at 2020-12-14 14:58:23 -0500
Processing by SubsController#create as HTML
  Parameters: {"authenticity_token"=>"EyTrd1n44cAZN25CAdN9evzx1RJR+cCS3Pu68w4tv5/N8E+HLDajjNEG0blZOs2Q+rqen8EupWub337sqVf8bg==", "sub"=>{"title"=>"hello", "content"=>"my name"}}
  [1m[36mUser Load (0.5ms)[0m  [1m[34mSELECT  "users".* FROM "users" WHERE "users"."session_token" = $1 LIMIT $2[0m  [["session_token", "r6uSaq12GSsOfYYCnu5_og"], ["LIMIT", 1]]
  ↳ app/controllers/application_controller.rb:5
Unpermitted parameter: :content
  [1m[35m (0.3ms)[0m  [1m[35mBEGIN[0m
  ↳ app/controllers/subs_controller.rb:21
  [1m[35m (0.4ms)[0m  [1m[31mROLLBACK[0m
  ↳ app/controllers/subs_controller.rb:21
  Rendering subs/new.html.erb within layouts/application
  Rendered subs/new.html.erb within layouts/application (0.7ms)
Completed 200 OK in 1355ms (Views: 844.1ms | ActiveRecord: 1.3ms)


Started GET "/session/new" for ::1 at 2020-12-14 15:01:05 -0500
  [1m[35m (1.7ms)[0m  [1m[34mSELECT "schema_migrations"."version" FROM "schema_migrations" ORDER BY "schema_migrations"."version" ASC[0m
  ↳ /home/soura934/.rbenv/versions/2.5.1/lib/ruby/gems/2.5.0/gems/activerecord-5.2.4.4/lib/active_record/log_subscriber.rb:98
Processing by SessionsController#new as HTML
  Rendering sessions/new.html.erb within layouts/application
  Rendered sessions/new.html.erb within layouts/application (1.3ms)
  [1m[36mUser Load (3.0ms)[0m  [1m[34mSELECT  "users".* FROM "users" WHERE "users"."session_token" = $1 LIMIT $2[0m  [["session_token", "r6uSaq12GSsOfYYCnu5_og"], ["LIMIT", 1]]
  ↳ app/controllers/application_controller.rb:5
Completed 200 OK in 2417ms (Views: 2381.0ms | ActiveRecord: 18.1ms)


Started GET "/subs" for ::1 at 2020-12-14 15:01:11 -0500
Processing by SubsController#index as HTML
  [1m[36mUser Load (0.6ms)[0m  [1m[34mSELECT  "users".* FROM "users" WHERE "users"."session_token" = $1 LIMIT $2[0m  [["session_token", "r6uSaq12GSsOfYYCnu5_og"], ["LIMIT", 1]]
  ↳ app/controllers/application_controller.rb:5
  Rendering subs/index.html.erb within layouts/application
  [1m[36mSub Load (0.8ms)[0m  [1m[34mSELECT "subs".* FROM "subs"[0m
  ↳ app/views/subs/index.html.erb:4
  Rendered subs/index.html.erb within layouts/application (5.1ms)
Completed 200 OK in 818ms (Views: 789.8ms | ActiveRecord: 2.9ms)


Started POST "/session" for ::1 at 2020-12-14 15:01:34 -0500
Processing by SessionsController#create as HTML
  Parameters: {"authenticity_token"=>"UDohj9cNrIkcDiZQYYiS5X7DuZCvjPooFTn0JZ0EZnuO7oV/osPuxdQ/mas5YSIPeIjyHT9bn9FSHTA6On4lig==", "user"=>{"username"=>"username", "password"=>"[FILTERED]"}}
  [1m[36mUser Load (0.7ms)[0m  [1m[34mSELECT  "users".* FROM "users" WHERE "users"."username" = $1 LIMIT $2[0m  [["username", "username"], ["LIMIT", 1]]
  ↳ app/models/user.rb:24
  [1m[35m (0.3ms)[0m  [1m[35mBEGIN[0m
  ↳ app/models/user.rb:34
  [1m[36mUser Exists (0.8ms)[0m  [1m[34mSELECT  1 AS one FROM "users" WHERE "users"."username" = $1 AND "users"."id" != $2 LIMIT $3[0m  [["username", "username"], ["id", 1], ["LIMIT", 1]]
  ↳ app/models/user.rb:34
  [1m[36mUser Update (1.0ms)[0m  [1m[33mUPDATE "users" SET "session_token" = $1, "updated_at" = $2 WHERE "users"."id" = $3[0m  [["session_token", "VYRE54ZqhSeU5rdiz7wbaw"], ["updated_at", "2020-12-14 20:01:34.727199"], ["id", 1]]
  ↳ app/models/user.rb:34
  [1m[35m (20.4ms)[0m  [1m[35mCOMMIT[0m
  ↳ app/models/user.rb:34
Redirected to http://localhost:3000/users
Completed 302 Found in 388ms (ActiveRecord: 23.1ms)


Started GET "/users" for ::1 at 2020-12-14 15:01:34 -0500
Processing by UsersController#index as HTML
  Rendering users/index.html.erb within layouts/application
  Rendered users/index.html.erb within layouts/application (0.6ms)
  [1m[36mUser Load (0.6ms)[0m  [1m[34mSELECT  "users".* FROM "users" WHERE "users"."session_token" = $1 LIMIT $2[0m  [["session_token", "VYRE54ZqhSeU5rdiz7wbaw"], ["LIMIT", 1]]
  ↳ app/controllers/application_controller.rb:5
Completed 200 OK in 797ms (Views: 795.5ms | ActiveRecord: 0.6ms)


Started GET "/sub/new" for ::1 at 2020-12-14 15:01:56 -0500
  
ActionController::RoutingError (No route matches [GET] "/sub/new"):
  
actionpack (5.2.4.4) lib/action_dispatch/middleware/debug_exceptions.rb:65:in `call'
web-console (3.7.0) lib/web_console/middleware.rb:135:in `call_app'
web-console (3.7.0) lib/web_console/middleware.rb:30:in `block in call'
web-console (3.7.0) lib/web_console/middleware.rb:20:in `catch'
web-console (3.7.0) lib/web_console/middleware.rb:20:in `call'
actionpack (5.2.4.4) lib/action_dispatch/middleware/show_exceptions.rb:33:in `call'
railties (5.2.4.4) lib/rails/rack/logger.rb:38:in `call_app'
railties (5.2.4.4) lib/rails/rack/logger.rb:26:in `block in call'
activesupport (5.2.4.4) lib/active_support/tagged_logging.rb:71:in `block in tagged'
activesupport (5.2.4.4) lib/active_support/tagged_logging.rb:28:in `tagged'
activesupport (5.2.4.4) lib/active_support/tagged_logging.rb:71:in `tagged'
railties (5.2.4.4) lib/rails/rack/logger.rb:26:in `call'
sprockets-rails (3.2.2) lib/sprockets/rails/quiet_assets.rb:13:in `call'
actionpack (5.2.4.4) lib/action_dispatch/middleware/remote_ip.rb:81:in `call'
actionpack (5.2.4.4) lib/action_dispatch/middleware/request_id.rb:27:in `call'
rack (2.2.3) lib/rack/method_override.rb:24:in `call'
rack (2.2.3) lib/rack/runtime.rb:22:in `call'
activesupport (5.2.4.4) lib/active_support/cache/strategy/local_cache_middleware.rb:29:in `call'
actionpack (5.2.4.4) lib/action_dispatch/middleware/executor.rb:14:in `call'
actionpack (5.2.4.4) lib/action_dispatch/middleware/static.rb:127:in `call'
rack (2.2.3) lib/rack/sendfile.rb:110:in `call'
railties (5.2.4.4) lib/rails/engine.rb:524:in `call'
puma (3.12.6) lib/puma/configuration.rb:227:in `call'
puma (3.12.6) lib/puma/server.rb:706:in `handle_request'
puma (3.12.6) lib/puma/server.rb:476:in `process_client'
puma (3.12.6) lib/puma/server.rb:334:in `block in run'
puma (3.12.6) lib/puma/thread_pool.rb:135:in `block in spawn_thread'
Started GET "/subs/new" for ::1 at 2020-12-14 15:02:06 -0500
Processing by SubsController#new as HTML
  [1m[36mUser Load (1.5ms)[0m  [1m[34mSELECT  "users".* FROM "users" WHERE "users"."session_token" = $1 LIMIT $2[0m  [["session_token", "VYRE54ZqhSeU5rdiz7wbaw"], ["LIMIT", 1]]
  ↳ app/controllers/application_controller.rb:5
  Rendering subs/new.html.erb within layouts/application
  Rendered subs/new.html.erb within layouts/application (1.3ms)
Completed 200 OK in 796ms (Views: 762.9ms | ActiveRecord: 3.7ms)


Started POST "/subs" for ::1 at 2020-12-14 15:02:18 -0500
Processing by SubsController#create as HTML
  Parameters: {"authenticity_token"=>"DUV5vyMlhs3JH7GND9eKuYtg26NZvFajL4liyrMhlqXTkd1PVuvEgQEuDnZXPjpTjSuQLslrM1porabVFFvVVA==", "sub"=>{"title"=>"hello", "content"=>"my name"}}
  [1m[36mUser Load (0.4ms)[0m  [1m[34mSELECT  "users".* FROM "users" WHERE "users"."session_token" = $1 LIMIT $2[0m  [["session_token", "VYRE54ZqhSeU5rdiz7wbaw"], ["LIMIT", 1]]
  ↳ app/controllers/application_controller.rb:5
Unpermitted parameter: :content
  [1m[35m (0.3ms)[0m  [1m[35mBEGIN[0m
  ↳ app/controllers/subs_controller.rb:21
  [1m[36mUser Load (0.8ms)[0m  [1m[34mSELECT  "users".* FROM "users" WHERE "users"."id" = $1 LIMIT $2[0m  [["id", 1], ["LIMIT", 1]]
  ↳ app/controllers/subs_controller.rb:21
  [1m[36mSub Create (1.9ms)[0m  [1m[32mINSERT INTO "subs" ("title", "user_id", "created_at", "updated_at") VALUES ($1, $2, $3, $4) RETURNING "id"[0m  [["title", "hello"], ["user_id", 1], ["created_at", "2020-12-14 20:02:19.243367"], ["updated_at", "2020-12-14 20:02:19.243367"]]
  ↳ app/controllers/subs_controller.rb:21
  [1m[35m (1.6ms)[0m  [1m[35mCOMMIT[0m
  ↳ app/controllers/subs_controller.rb:21
Redirected to http://localhost:3000/subs
Completed 302 Found in 242ms (ActiveRecord: 5.0ms)


Started GET "/subs" for ::1 at 2020-12-14 15:02:19 -0500
Processing by SubsController#index as HTML
  [1m[36mUser Load (0.6ms)[0m  [1m[34mSELECT  "users".* FROM "users" WHERE "users"."session_token" = $1 LIMIT $2[0m  [["session_token", "VYRE54ZqhSeU5rdiz7wbaw"], ["LIMIT", 1]]
  ↳ app/controllers/application_controller.rb:5
  Rendering subs/index.html.erb within layouts/application
  [1m[36mSub Load (0.6ms)[0m  [1m[34mSELECT "subs".* FROM "subs"[0m
  ↳ app/views/subs/index.html.erb:4
  Rendered subs/index.html.erb within layouts/application (3.6ms)
Completed 200 OK in 785ms (Views: 773.6ms | ActiveRecord: 1.3ms)


Started GET "/subs/1" for ::1 at 2020-12-14 15:02:36 -0500
Processing by SubsController#show as HTML
  Parameters: {"id"=>"1"}
  [1m[36mUser Load (0.5ms)[0m  [1m[34mSELECT  "users".* FROM "users" WHERE "users"."session_token" = $1 LIMIT $2[0m  [["session_token", "VYRE54ZqhSeU5rdiz7wbaw"], ["LIMIT", 1]]
  ↳ app/controllers/application_controller.rb:5
  [1m[36mSub Load (0.6ms)[0m  [1m[34mSELECT  "subs".* FROM "subs" WHERE "subs"."id" = $1 LIMIT $2[0m  [["id", 1], ["LIMIT", 1]]
  ↳ app/controllers/subs_controller.rb:9
  Rendering subs/show.html.erb within layouts/application
  Rendered subs/show.html.erb within layouts/application (410.2ms)
Completed 500 Internal Server Error in 693ms (ActiveRecord: 1.1ms)



NameError - undefined local variable or method `sub' for #<#<Class:0x00007f3b8c0756d8>:0x00007f3b8c0cfed0>
Did you mean?  @sub:
  app/views/subs/show.html.erb:3:in `_app_views_subs_show_html_erb__4129921222249367010_69946864727340'
  app/controllers/subs_controller.rb:10:in `show'

Started POST "/__better_errors/5c3b29af7fdfbdf3/variables" for ::1 at 2020-12-14 15:02:37 -0500
Started GET "/subs/1" for ::1 at 2020-12-14 15:05:05 -0500
Processing by SubsController#show as HTML
  Parameters: {"id"=>"1"}
  [1m[36mUser Load (0.6ms)[0m  [1m[34mSELECT  "users".* FROM "users" WHERE "users"."session_token" = $1 LIMIT $2[0m  [["session_token", "VYRE54ZqhSeU5rdiz7wbaw"], ["LIMIT", 1]]
  ↳ app/controllers/application_controller.rb:5
  [1m[36mSub Load (0.6ms)[0m  [1m[34mSELECT  "subs".* FROM "subs" WHERE "subs"."id" = $1 LIMIT $2[0m  [["id", 1], ["LIMIT", 1]]
  ↳ app/controllers/subs_controller.rb:9
  Rendering subs/show.html.erb within layouts/application
  Rendered subs/show.html.erb within layouts/application (2.0ms)
Completed 200 OK in 876ms (Views: 860.4ms | ActiveRecord: 1.2ms)


Started GET "/subs/1/edit" for ::1 at 2020-12-14 15:05:14 -0500
Processing by SubsController#edit as HTML
  Parameters: {"id"=>"1"}
  [1m[36mUser Load (0.4ms)[0m  [1m[34mSELECT  "users".* FROM "users" WHERE "users"."session_token" = $1 LIMIT $2[0m  [["session_token", "VYRE54ZqhSeU5rdiz7wbaw"], ["LIMIT", 1]]
  ↳ app/controllers/application_controller.rb:5
  [1m[36mSub Load (0.7ms)[0m  [1m[34mSELECT  "subs".* FROM "subs" WHERE "subs"."id" = $1 LIMIT $2[0m  [["id", 1], ["LIMIT", 1]]
  ↳ app/controllers/subs_controller.rb:30
  Rendering subs/edit.html.erb within layouts/application
  Rendered subs/edit.html.erb within layouts/application (0.8ms)
Completed 200 OK in 850ms (Views: 843.0ms | ActiveRecord: 1.1ms)


Started GET "/subs/1/edit" for ::1 at 2020-12-14 15:06:03 -0500
Processing by SubsController#edit as HTML
  Parameters: {"id"=>"1"}
  [1m[36mUser Load (0.5ms)[0m  [1m[34mSELECT  "users".* FROM "users" WHERE "users"."session_token" = $1 LIMIT $2[0m  [["session_token", "VYRE54ZqhSeU5rdiz7wbaw"], ["LIMIT", 1]]
  ↳ app/controllers/application_controller.rb:5
  [1m[36mSub Load (0.6ms)[0m  [1m[34mSELECT  "subs".* FROM "subs" WHERE "subs"."id" = $1 LIMIT $2[0m  [["id", 1], ["LIMIT", 1]]
  ↳ app/controllers/subs_controller.rb:30
  Rendering subs/edit.html.erb within layouts/application
  Rendered subs/edit.html.erb within layouts/application (1.0ms)
Completed 200 OK in 1033ms (Views: 1018.9ms | ActiveRecord: 1.1ms)


Started GET "/subs/1/edit" for ::1 at 2020-12-14 15:06:13 -0500
Processing by SubsController#edit as HTML
  Parameters: {"id"=>"1"}
  [1m[36mUser Load (0.8ms)[0m  [1m[34mSELECT  "users".* FROM "users" WHERE "users"."session_token" = $1 LIMIT $2[0m  [["session_token", "VYRE54ZqhSeU5rdiz7wbaw"], ["LIMIT", 1]]
  ↳ app/controllers/application_controller.rb:5
  [1m[36mSub Load (1.6ms)[0m  [1m[34mSELECT  "subs".* FROM "subs" WHERE "subs"."id" = $1 LIMIT $2[0m  [["id", 1], ["LIMIT", 1]]
  ↳ app/controllers/subs_controller.rb:30
  Rendering subs/edit.html.erb within layouts/application
  Rendered subs/edit.html.erb within layouts/application (1.2ms)
Completed 200 OK in 813ms (Views: 792.6ms | ActiveRecord: 2.4ms)


Started GET "/subs" for ::1 at 2020-12-14 15:06:17 -0500
Processing by SubsController#index as HTML
  [1m[36mUser Load (0.4ms)[0m  [1m[34mSELECT  "users".* FROM "users" WHERE "users"."session_token" = $1 LIMIT $2[0m  [["session_token", "VYRE54ZqhSeU5rdiz7wbaw"], ["LIMIT", 1]]
  ↳ app/controllers/application_controller.rb:5
  Rendering subs/index.html.erb within layouts/application
  [1m[36mSub Load (0.5ms)[0m  [1m[34mSELECT "subs".* FROM "subs"[0m
  ↳ app/views/subs/index.html.erb:4
  Rendered subs/index.html.erb within layouts/application (2.5ms)
Completed 200 OK in 822ms (Views: 818.4ms | ActiveRecord: 0.9ms)


Started GET "/subs/1" for ::1 at 2020-12-14 15:06:20 -0500
Processing by SubsController#show as HTML
  Parameters: {"id"=>"1"}
  [1m[36mUser Load (0.3ms)[0m  [1m[34mSELECT  "users".* FROM "users" WHERE "users"."session_token" = $1 LIMIT $2[0m  [["session_token", "VYRE54ZqhSeU5rdiz7wbaw"], ["LIMIT", 1]]
  ↳ app/controllers/application_controller.rb:5
  [1m[36mSub Load (0.5ms)[0m  [1m[34mSELECT  "subs".* FROM "subs" WHERE "subs"."id" = $1 LIMIT $2[0m  [["id", 1], ["LIMIT", 1]]
  ↳ app/controllers/subs_controller.rb:9
  Rendering subs/show.html.erb within layouts/application
  Rendered subs/show.html.erb within layouts/application (0.8ms)
Completed 200 OK in 778ms (Views: 773.6ms | ActiveRecord: 0.8ms)


Started GET "/subs/1" for ::1 at 2020-12-14 15:06:24 -0500
Processing by SubsController#show as HTML
  Parameters: {"id"=>"1"}
  [1m[36mUser Load (0.6ms)[0m  [1m[34mSELECT  "users".* FROM "users" WHERE "users"."session_token" = $1 LIMIT $2[0m  [["session_token", "VYRE54ZqhSeU5rdiz7wbaw"], ["LIMIT", 1]]
  ↳ app/controllers/application_controller.rb:5
  [1m[36mSub Load (0.5ms)[0m  [1m[34mSELECT  "subs".* FROM "subs" WHERE "subs"."id" = $1 LIMIT $2[0m  [["id", 1], ["LIMIT", 1]]
  ↳ app/controllers/subs_controller.rb:9
  Rendering subs/show.html.erb within layouts/application
  Rendered subs/show.html.erb within layouts/application (0.7ms)
Completed 200 OK in 895ms (Views: 889.8ms | ActiveRecord: 1.1ms)


Started GET "/subs/1/edit" for ::1 at 2020-12-14 15:06:26 -0500
Processing by SubsController#edit as HTML
  Parameters: {"id"=>"1"}
  [1m[36mUser Load (0.9ms)[0m  [1m[34mSELECT  "users".* FROM "users" WHERE "users"."session_token" = $1 LIMIT $2[0m  [["session_token", "VYRE54ZqhSeU5rdiz7wbaw"], ["LIMIT", 1]]
  ↳ app/controllers/application_controller.rb:5
  [1m[36mSub Load (0.7ms)[0m  [1m[34mSELECT  "subs".* FROM "subs" WHERE "subs"."id" = $1 LIMIT $2[0m  [["id", 1], ["LIMIT", 1]]
  ↳ app/controllers/subs_controller.rb:30
  Rendering subs/edit.html.erb within layouts/application
  Rendered subs/edit.html.erb within layouts/application (0.8ms)
Completed 200 OK in 758ms (Views: 740.0ms | ActiveRecord: 1.6ms)


Started GET "/subs" for ::1 at 2020-12-14 15:06:33 -0500
Processing by SubsController#index as HTML
  [1m[36mUser Load (0.4ms)[0m  [1m[34mSELECT  "users".* FROM "users" WHERE "users"."session_token" = $1 LIMIT $2[0m  [["session_token", "VYRE54ZqhSeU5rdiz7wbaw"], ["LIMIT", 1]]
  ↳ app/controllers/application_controller.rb:5
  Rendering subs/index.html.erb within layouts/application
  [1m[36mSub Load (0.5ms)[0m  [1m[34mSELECT "subs".* FROM "subs"[0m
  ↳ app/views/subs/index.html.erb:4
  Rendered subs/index.html.erb within layouts/application (4.6ms)
Completed 200 OK in 1035ms (Views: 1030.9ms | ActiveRecord: 0.9ms)


Started GET "/subs/new" for ::1 at 2020-12-14 15:06:40 -0500
Processing by SubsController#new as HTML
  [1m[36mUser Load (0.4ms)[0m  [1m[34mSELECT  "users".* FROM "users" WHERE "users"."session_token" = $1 LIMIT $2[0m  [["session_token", "VYRE54ZqhSeU5rdiz7wbaw"], ["LIMIT", 1]]
  ↳ app/controllers/application_controller.rb:5
  Rendering subs/new.html.erb within layouts/application
  Rendered subs/new.html.erb within layouts/application (1.1ms)
Completed 200 OK in 894ms (Views: 888.7ms | ActiveRecord: 0.4ms)


Started POST "/subs" for ::1 at 2020-12-14 15:07:02 -0500
Processing by SubsController#create as HTML
  Parameters: {"authenticity_token"=>"wElZYtn3O09Jn+KLcQk1KmVYehTrdff3lOKQWaev7lwenf2SrDl5A4GuXXAp4IXAYxMxmXuikg7TxlRGANWtrQ==", "sub"=>{"title"=>"halo", "content"=>"word"}}
  [1m[36mUser Load (0.5ms)[0m  [1m[34mSELECT  "users".* FROM "users" WHERE "users"."session_token" = $1 LIMIT $2[0m  [["session_token", "VYRE54ZqhSeU5rdiz7wbaw"], ["LIMIT", 1]]
  ↳ app/controllers/application_controller.rb:5
Unpermitted parameter: :content
  [1m[35m (0.4ms)[0m  [1m[35mBEGIN[0m
  ↳ app/controllers/subs_controller.rb:21
  [1m[36mUser Load (0.6ms)[0m  [1m[34mSELECT  "users".* FROM "users" WHERE "users"."id" = $1 LIMIT $2[0m  [["id", 1], ["LIMIT", 1]]
  ↳ app/controllers/subs_controller.rb:21
  [1m[36mSub Create (0.6ms)[0m  [1m[32mINSERT INTO "subs" ("title", "user_id", "created_at", "updated_at") VALUES ($1, $2, $3, $4) RETURNING "id"[0m  [["title", "halo"], ["user_id", 1], ["created_at", "2020-12-14 20:07:02.234022"], ["updated_at", "2020-12-14 20:07:02.234022"]]
  ↳ app/controllers/subs_controller.rb:21
  [1m[35m (1.5ms)[0m  [1m[35mCOMMIT[0m
  ↳ app/controllers/subs_controller.rb:21
Redirected to http://localhost:3000/subs
Completed 302 Found in 17ms (ActiveRecord: 3.6ms)


Started GET "/subs" for ::1 at 2020-12-14 15:07:02 -0500
Processing by SubsController#index as HTML
  [1m[36mUser Load (0.5ms)[0m  [1m[34mSELECT  "users".* FROM "users" WHERE "users"."session_token" = $1 LIMIT $2[0m  [["session_token", "VYRE54ZqhSeU5rdiz7wbaw"], ["LIMIT", 1]]
  ↳ app/controllers/application_controller.rb:5
  Rendering subs/index.html.erb within layouts/application
  [1m[36mSub Load (0.5ms)[0m  [1m[34mSELECT "subs".* FROM "subs"[0m
  ↳ app/views/subs/index.html.erb:4
  Rendered subs/index.html.erb within layouts/application (2.9ms)
Completed 200 OK in 816ms (Views: 810.9ms | ActiveRecord: 1.0ms)


Started GET "/subs/2" for ::1 at 2020-12-14 15:07:05 -0500
Processing by SubsController#show as HTML
  Parameters: {"id"=>"2"}
  [1m[36mUser Load (0.4ms)[0m  [1m[34mSELECT  "users".* FROM "users" WHERE "users"."session_token" = $1 LIMIT $2[0m  [["session_token", "VYRE54ZqhSeU5rdiz7wbaw"], ["LIMIT", 1]]
  ↳ app/controllers/application_controller.rb:5
  [1m[36mSub Load (0.4ms)[0m  [1m[34mSELECT  "subs".* FROM "subs" WHERE "subs"."id" = $1 LIMIT $2[0m  [["id", 2], ["LIMIT", 1]]
  ↳ app/controllers/subs_controller.rb:9
  Rendering subs/show.html.erb within layouts/application
  Rendered subs/show.html.erb within layouts/application (0.7ms)
Completed 200 OK in 821ms (Views: 816.4ms | ActiveRecord: 0.8ms)


Started GET "/subs/2/edit" for ::1 at 2020-12-14 15:07:08 -0500
Processing by SubsController#edit as HTML
  Parameters: {"id"=>"2"}
  [1m[36mUser Load (0.4ms)[0m  [1m[34mSELECT  "users".* FROM "users" WHERE "users"."session_token" = $1 LIMIT $2[0m  [["session_token", "VYRE54ZqhSeU5rdiz7wbaw"], ["LIMIT", 1]]
  ↳ app/controllers/application_controller.rb:5
  [1m[36mSub Load (0.5ms)[0m  [1m[34mSELECT  "subs".* FROM "subs" WHERE "subs"."id" = $1 LIMIT $2[0m  [["id", 2], ["LIMIT", 1]]
  ↳ app/controllers/subs_controller.rb:30
  Rendering subs/edit.html.erb within layouts/application
  Rendered subs/edit.html.erb within layouts/application (0.8ms)
Completed 200 OK in 797ms (Views: 791.9ms | ActiveRecord: 0.9ms)


Started GET "/" for ::1 at 2020-12-14 15:08:46 -0500
  [1m[35m (0.7ms)[0m  [1m[34mSELECT "schema_migrations"."version" FROM "schema_migrations" ORDER BY "schema_migrations"."version" ASC[0m
  ↳ /home/soura934/.rbenv/versions/2.5.1/lib/ruby/gems/2.5.0/gems/activerecord-5.2.4.4/lib/active_record/log_subscriber.rb:98
Processing by Rails::WelcomeController#index as HTML
  Rendering /home/soura934/.rbenv/versions/2.5.1/lib/ruby/gems/2.5.0/gems/railties-5.2.4.4/lib/rails/templates/rails/welcome/index.html.erb
  Rendered /home/soura934/.rbenv/versions/2.5.1/lib/ruby/gems/2.5.0/gems/railties-5.2.4.4/lib/rails/templates/rails/welcome/index.html.erb (2.9ms)
Completed 200 OK in 25ms (Views: 14.2ms | ActiveRecord: 0.0ms)


Started GET "/subs" for ::1 at 2020-12-14 15:08:51 -0500
Processing by SubsController#index as HTML
  [1m[36mUser Load (0.7ms)[0m  [1m[34mSELECT  "users".* FROM "users" WHERE "users"."session_token" = $1 LIMIT $2[0m  [["session_token", "VYRE54ZqhSeU5rdiz7wbaw"], ["LIMIT", 1]]
  ↳ app/controllers/application_controller.rb:5
  Rendering subs/index.html.erb within layouts/application
  [1m[36mSub Load (1.2ms)[0m  [1m[34mSELECT "subs".* FROM "subs"[0m
  ↳ app/views/subs/index.html.erb:4
  Rendered subs/index.html.erb within layouts/application (28.9ms)
Completed 200 OK in 2849ms (Views: 2729.2ms | ActiveRecord: 16.1ms)


Started GET "/subs/2" for ::1 at 2020-12-14 15:09:00 -0500
Processing by SubsController#show as HTML
  Parameters: {"id"=>"2"}
  [1m[36mUser Load (0.7ms)[0m  [1m[34mSELECT  "users".* FROM "users" WHERE "users"."session_token" = $1 LIMIT $2[0m  [["session_token", "VYRE54ZqhSeU5rdiz7wbaw"], ["LIMIT", 1]]
  ↳ app/controllers/application_controller.rb:5
  [1m[36mSub Load (0.6ms)[0m  [1m[34mSELECT  "subs".* FROM "subs" WHERE "subs"."id" = $1 LIMIT $2[0m  [["id", 2], ["LIMIT", 1]]
  ↳ app/controllers/subs_controller.rb:9
  Rendering subs/show.html.erb within layouts/application
  Rendered subs/show.html.erb within layouts/application (0.9ms)
Completed 200 OK in 656ms (Views: 644.4ms | ActiveRecord: 1.4ms)


Started GET "/subs/2/edit" for ::1 at 2020-12-14 15:09:03 -0500
Processing by SubsController#edit as HTML
  Parameters: {"id"=>"2"}
  [1m[36mUser Load (0.5ms)[0m  [1m[34mSELECT  "users".* FROM "users" WHERE "users"."session_token" = $1 LIMIT $2[0m  [["session_token", "VYRE54ZqhSeU5rdiz7wbaw"], ["LIMIT", 1]]
  ↳ app/controllers/application_controller.rb:5
  [1m[36mSub Load (0.5ms)[0m  [1m[34mSELECT  "subs".* FROM "subs" WHERE "subs"."id" = $1 LIMIT $2[0m  [["id", 2], ["LIMIT", 1]]
  ↳ app/controllers/subs_controller.rb:30
  Rendering subs/edit.html.erb within layouts/application
  Rendered subs/edit.html.erb within layouts/application (1.0ms)
Completed 200 OK in 789ms (Views: 782.9ms | ActiveRecord: 0.9ms)


Started GET "/subs" for ::1 at 2020-12-14 15:09:11 -0500
Processing by SubsController#index as HTML
  [1m[36mUser Load (0.5ms)[0m  [1m[34mSELECT  "users".* FROM "users" WHERE "users"."session_token" = $1 LIMIT $2[0m  [["session_token", "VYRE54ZqhSeU5rdiz7wbaw"], ["LIMIT", 1]]
  ↳ app/controllers/application_controller.rb:5
  Rendering subs/index.html.erb within layouts/application
  [1m[36mSub Load (0.4ms)[0m  [1m[34mSELECT "subs".* FROM "subs"[0m
  ↳ app/views/subs/index.html.erb:4
  Rendered subs/index.html.erb within layouts/application (2.8ms)
Completed 200 OK in 798ms (Views: 793.1ms | ActiveRecord: 0.9ms)


Started GET "/subs" for ::1 at 2020-12-14 15:09:18 -0500
Processing by SubsController#index as HTML
  [1m[36mUser Load (0.5ms)[0m  [1m[34mSELECT  "users".* FROM "users" WHERE "users"."session_token" = $1 LIMIT $2[0m  [["session_token", "VYRE54ZqhSeU5rdiz7wbaw"], ["LIMIT", 1]]
  ↳ app/controllers/application_controller.rb:5
  Rendering subs/index.html.erb within layouts/application
  [1m[36mSub Load (0.4ms)[0m  [1m[34mSELECT "subs".* FROM "subs"[0m
  ↳ app/views/subs/index.html.erb:4
  Rendered subs/index.html.erb within layouts/application (2.7ms)
Completed 200 OK in 799ms (Views: 794.1ms | ActiveRecord: 0.9ms)


Started GET "/session/new" for ::1 at 2020-12-14 15:09:22 -0500
Processing by SessionsController#new as HTML
  Rendering sessions/new.html.erb within layouts/application
  Rendered sessions/new.html.erb within layouts/application (1.0ms)
  [1m[36mUser Load (0.7ms)[0m  [1m[34mSELECT  "users".* FROM "users" WHERE "users"."session_token" = $1 LIMIT $2[0m  [["session_token", "VYRE54ZqhSeU5rdiz7wbaw"], ["LIMIT", 1]]
  ↳ app/controllers/application_controller.rb:5
Completed 200 OK in 663ms (Views: 661.6ms | ActiveRecord: 0.7ms)


Started GET "/session/new" for ::1 at 2020-12-14 15:09:26 -0500
Processing by SessionsController#new as HTML
  Rendering sessions/new.html.erb within layouts/application
  Rendered sessions/new.html.erb within layouts/application (0.7ms)
  [1m[36mUser Load (0.4ms)[0m  [1m[34mSELECT  "users".* FROM "users" WHERE "users"."session_token" = $1 LIMIT $2[0m  [["session_token", "VYRE54ZqhSeU5rdiz7wbaw"], ["LIMIT", 1]]
  ↳ app/controllers/application_controller.rb:5
Completed 200 OK in 686ms (Views: 684.9ms | ActiveRecord: 0.4ms)


Started POST "/session" for ::1 at 2020-12-14 15:09:28 -0500
Processing by SessionsController#create as HTML
  Parameters: {"authenticity_token"=>"M6Sks8IL7qUTuTv2TjzksQQb9cL4pp2OSXutxoQeNPHtcABDt8Ws6duIhA0W1VRbAlC+T2hx+HcOX2nZI2R3AA==", "user"=>{"username"=>"", "password"=>"[FILTERED]"}}
  [1m[36mUser Load (0.3ms)[0m  [1m[34mSELECT  "users".* FROM "users" WHERE "users"."username" = $1 LIMIT $2[0m  [["username", ""], ["LIMIT", 1]]
  ↳ app/models/user.rb:24
  Rendering sessions/new.html.erb within layouts/application
  Rendered sessions/new.html.erb within layouts/application (1.0ms)
  [1m[36mUser Load (0.5ms)[0m  [1m[34mSELECT  "users".* FROM "users" WHERE "users"."session_token" = $1 LIMIT $2[0m  [["session_token", "VYRE54ZqhSeU5rdiz7wbaw"], ["LIMIT", 1]]
  ↳ app/controllers/application_controller.rb:5
Completed 200 OK in 797ms (Views: 793.2ms | ActiveRecord: 0.8ms)


Started POST "/session" for ::1 at 2020-12-14 15:09:37 -0500
Processing by SessionsController#create as HTML
  Parameters: {"authenticity_token"=>"oYmenzCAHS0C3CZN031vlF54BXSjTcmRvczSJ7yBlMl/XTpvRU5fYcrtmbaLlN9+WDNO+TOarGj66BY4G/vXOA==", "user"=>{"username"=>"username", "password"=>"[FILTERED]"}}
  [1m[36mUser Load (0.8ms)[0m  [1m[34mSELECT  "users".* FROM "users" WHERE "users"."username" = $1 LIMIT $2[0m  [["username", "username"], ["LIMIT", 1]]
  ↳ app/models/user.rb:24
  [1m[35m (0.2ms)[0m  [1m[35mBEGIN[0m
  ↳ app/models/user.rb:34
  [1m[36mUser Exists (0.7ms)[0m  [1m[34mSELECT  1 AS one FROM "users" WHERE "users"."username" = $1 AND "users"."id" != $2 LIMIT $3[0m  [["username", "username"], ["id", 1], ["LIMIT", 1]]
  ↳ app/models/user.rb:34
  [1m[36mUser Update (0.6ms)[0m  [1m[33mUPDATE "users" SET "session_token" = $1, "updated_at" = $2 WHERE "users"."id" = $3[0m  [["session_token", "kVMDFh42ZYTJGAbUt7OrBg"], ["updated_at", "2020-12-14 20:09:38.368069"], ["id", 1]]
  ↳ app/models/user.rb:34
  [1m[35m (3.2ms)[0m  [1m[35mCOMMIT[0m
  ↳ app/models/user.rb:34
Redirected to http://localhost:3000/users
Completed 302 Found in 361ms (ActiveRecord: 5.5ms)


Started GET "/users" for ::1 at 2020-12-14 15:09:38 -0500
Processing by UsersController#index as HTML
  Rendering users/index.html.erb within layouts/application
  Rendered users/index.html.erb within layouts/application (0.5ms)
  [1m[36mUser Load (0.5ms)[0m  [1m[34mSELECT  "users".* FROM "users" WHERE "users"."session_token" = $1 LIMIT $2[0m  [["session_token", "kVMDFh42ZYTJGAbUt7OrBg"], ["LIMIT", 1]]
  ↳ app/controllers/application_controller.rb:5
Completed 200 OK in 804ms (Views: 802.2ms | ActiveRecord: 0.5ms)


Started GET "/subs" for ::1 at 2020-12-14 15:09:53 -0500
Processing by SubsController#index as HTML
  [1m[36mUser Load (0.4ms)[0m  [1m[34mSELECT  "users".* FROM "users" WHERE "users"."session_token" = $1 LIMIT $2[0m  [["session_token", "kVMDFh42ZYTJGAbUt7OrBg"], ["LIMIT", 1]]
  ↳ app/controllers/application_controller.rb:5
  Rendering subs/index.html.erb within layouts/application
  [1m[36mSub Load (0.5ms)[0m  [1m[34mSELECT "subs".* FROM "subs"[0m
  ↳ app/views/subs/index.html.erb:4
  Rendered subs/index.html.erb within layouts/application (3.3ms)
Completed 200 OK in 807ms (Views: 798.1ms | ActiveRecord: 0.9ms)


Started GET "/subs/new" for ::1 at 2020-12-14 15:10:02 -0500
Processing by SubsController#new as HTML
  [1m[36mUser Load (0.6ms)[0m  [1m[34mSELECT  "users".* FROM "users" WHERE "users"."session_token" = $1 LIMIT $2[0m  [["session_token", "kVMDFh42ZYTJGAbUt7OrBg"], ["LIMIT", 1]]
  ↳ app/controllers/application_controller.rb:5
  Rendering subs/new.html.erb within layouts/application
  Rendered subs/new.html.erb within layouts/application (0.7ms)
Completed 200 OK in 856ms (Views: 852.3ms | ActiveRecord: 0.6ms)


Started POST "/subs" for ::1 at 2020-12-14 15:10:20 -0500
Processing by SubsController#create as HTML
  Parameters: {"authenticity_token"=>"de7vzcQ1bcdDkHY2zoDoQSKhWzj3g81sWgAVNa3Z/OOrOks9sfsvi4uhyc2WaVirJOoQtWdUqJUdJNEqCqO/Eg==", "sub"=>{"title"=>"hi", "content"=>"welcome"}}
  [1m[36mUser Load (0.4ms)[0m  [1m[34mSELECT  "users".* FROM "users" WHERE "users"."session_token" = $1 LIMIT $2[0m  [["session_token", "kVMDFh42ZYTJGAbUt7OrBg"], ["LIMIT", 1]]
  ↳ app/controllers/application_controller.rb:5
Unpermitted parameter: :content
  [1m[35m (0.3ms)[0m  [1m[35mBEGIN[0m
  ↳ app/controllers/subs_controller.rb:21
  [1m[36mUser Load (0.3ms)[0m  [1m[34mSELECT  "users".* FROM "users" WHERE "users"."id" = $1 LIMIT $2[0m  [["id", 1], ["LIMIT", 1]]
  ↳ app/controllers/subs_controller.rb:21
  [1m[36mSub Create (0.8ms)[0m  [1m[32mINSERT INTO "subs" ("title", "user_id", "created_at", "updated_at") VALUES ($1, $2, $3, $4) RETURNING "id"[0m  [["title", "hi"], ["user_id", 1], ["created_at", "2020-12-14 20:10:20.416736"], ["updated_at", "2020-12-14 20:10:20.416736"]]
  ↳ app/controllers/subs_controller.rb:21
  [1m[35m (38.2ms)[0m  [1m[35mCOMMIT[0m
  ↳ app/controllers/subs_controller.rb:21
Redirected to http://localhost:3000/subs
Completed 302 Found in 195ms (ActiveRecord: 40.1ms)


Started GET "/subs" for ::1 at 2020-12-14 15:10:20 -0500
Processing by SubsController#index as HTML
  [1m[36mUser Load (0.6ms)[0m  [1m[34mSELECT  "users".* FROM "users" WHERE "users"."session_token" = $1 LIMIT $2[0m  [["session_token", "kVMDFh42ZYTJGAbUt7OrBg"], ["LIMIT", 1]]
  ↳ app/controllers/application_controller.rb:5
  Rendering subs/index.html.erb within layouts/application
  [1m[36mSub Load (0.5ms)[0m  [1m[34mSELECT "subs".* FROM "subs"[0m
  ↳ app/views/subs/index.html.erb:4
  Rendered subs/index.html.erb within layouts/application (3.4ms)
Completed 200 OK in 786ms (Views: 781.0ms | ActiveRecord: 1.1ms)


Started GET "/subs/3" for ::1 at 2020-12-14 15:10:23 -0500
Processing by SubsController#show as HTML
  Parameters: {"id"=>"3"}
  [1m[36mUser Load (0.4ms)[0m  [1m[34mSELECT  "users".* FROM "users" WHERE "users"."session_token" = $1 LIMIT $2[0m  [["session_token", "kVMDFh42ZYTJGAbUt7OrBg"], ["LIMIT", 1]]
  ↳ app/controllers/application_controller.rb:5
  [1m[36mSub Load (0.6ms)[0m  [1m[34mSELECT  "subs".* FROM "subs" WHERE "subs"."id" = $1 LIMIT $2[0m  [["id", 3], ["LIMIT", 1]]
  ↳ app/controllers/subs_controller.rb:9
  Rendering subs/show.html.erb within layouts/application
  Rendered subs/show.html.erb within layouts/application (0.8ms)
Completed 200 OK in 661ms (Views: 651.8ms | ActiveRecord: 1.1ms)


Started GET "/subs" for ::1 at 2020-12-14 15:12:21 -0500
  [1m[35m (1.8ms)[0m  [1m[34mSELECT "schema_migrations"."version" FROM "schema_migrations" ORDER BY "schema_migrations"."version" ASC[0m
  ↳ /home/soura934/.rbenv/versions/2.5.1/lib/ruby/gems/2.5.0/gems/activerecord-5.2.4.4/lib/active_record/log_subscriber.rb:98
Processing by SubsController#index as HTML
  [1m[36mUser Load (0.4ms)[0m  [1m[34mSELECT  "users".* FROM "users" WHERE "users"."session_token" = $1 LIMIT $2[0m  [["session_token", "kVMDFh42ZYTJGAbUt7OrBg"], ["LIMIT", 1]]
  ↳ app/controllers/application_controller.rb:5
  Rendering subs/index.html.erb within layouts/application
  [1m[36mSub Load (0.9ms)[0m  [1m[34mSELECT "subs".* FROM "subs"[0m
  ↳ app/views/subs/index.html.erb:4
  Rendered subs/index.html.erb within layouts/application (22.4ms)
Completed 200 OK in 2825ms (Views: 2721.8ms | ActiveRecord: 11.9ms)


Started GET "/subs/new" for ::1 at 2020-12-14 15:12:32 -0500
Processing by SubsController#new as HTML
  [1m[36mUser Load (1.2ms)[0m  [1m[34mSELECT  "users".* FROM "users" WHERE "users"."session_token" = $1 LIMIT $2[0m  [["session_token", "kVMDFh42ZYTJGAbUt7OrBg"], ["LIMIT", 1]]
  ↳ app/controllers/application_controller.rb:5
  Rendering subs/new.html.erb within layouts/application
  Rendered subs/new.html.erb within layouts/application (0.8ms)
Completed 200 OK in 883ms (Views: 874.4ms | ActiveRecord: 1.2ms)


Started POST "/subs" for ::1 at 2020-12-14 15:12:46 -0500
Processing by SubsController#create as HTML
  Parameters: {"authenticity_token"=>"7BGj6q/DYFiIgZ3xsADL+Kgzr9RdGoDFhShOQ31qtGwyxQca2g0iFECwIgro6XsSrnjkWc3N5TzCDIpc2hD3nQ==", "sub"=>{"title"=>"hot", "content"=>"cold"}}
  [1m[36mUser Load (0.7ms)[0m  [1m[34mSELECT  "users".* FROM "users" WHERE "users"."session_token" = $1 LIMIT $2[0m  [["session_token", "kVMDFh42ZYTJGAbUt7OrBg"], ["LIMIT", 1]]
  ↳ app/controllers/application_controller.rb:5
  [1m[35m (0.4ms)[0m  [1m[35mBEGIN[0m
  ↳ app/controllers/subs_controller.rb:21
  [1m[36mUser Load (0.5ms)[0m  [1m[34mSELECT  "users".* FROM "users" WHERE "users"."id" = $1 LIMIT $2[0m  [["id", 1], ["LIMIT", 1]]
  ↳ app/controllers/subs_controller.rb:21
  [1m[36mSub Create (0.6ms)[0m  [1m[32mINSERT INTO "subs" ("title", "content", "user_id", "created_at", "updated_at") VALUES ($1, $2, $3, $4, $5) RETURNING "id"[0m  [["title", "hot"], ["content", "cold"], ["user_id", 1], ["created_at", "2020-12-14 20:12:46.326150"], ["updated_at", "2020-12-14 20:12:46.326150"]]
  ↳ app/controllers/subs_controller.rb:21
  [1m[35m (3.7ms)[0m  [1m[35mCOMMIT[0m
  ↳ app/controllers/subs_controller.rb:21
Redirected to http://localhost:3000/subs
Completed 302 Found in 106ms (ActiveRecord: 5.9ms)


Started GET "/subs" for ::1 at 2020-12-14 15:12:46 -0500
Processing by SubsController#index as HTML
  [1m[36mUser Load (0.5ms)[0m  [1m[34mSELECT  "users".* FROM "users" WHERE "users"."session_token" = $1 LIMIT $2[0m  [["session_token", "kVMDFh42ZYTJGAbUt7OrBg"], ["LIMIT", 1]]
  ↳ app/controllers/application_controller.rb:5
  Rendering subs/index.html.erb within layouts/application
  [1m[36mSub Load (0.4ms)[0m  [1m[34mSELECT "subs".* FROM "subs"[0m
  ↳ app/views/subs/index.html.erb:4
  Rendered subs/index.html.erb within layouts/application (3.0ms)
Completed 200 OK in 770ms (Views: 766.8ms | ActiveRecord: 0.9ms)


Started GET "/subs/4" for ::1 at 2020-12-14 15:12:49 -0500
Processing by SubsController#show as HTML
  Parameters: {"id"=>"4"}
  [1m[36mUser Load (0.6ms)[0m  [1m[34mSELECT  "users".* FROM "users" WHERE "users"."session_token" = $1 LIMIT $2[0m  [["session_token", "kVMDFh42ZYTJGAbUt7OrBg"], ["LIMIT", 1]]
  ↳ app/controllers/application_controller.rb:5
  [1m[36mSub Load (0.4ms)[0m  [1m[34mSELECT  "subs".* FROM "subs" WHERE "subs"."id" = $1 LIMIT $2[0m  [["id", 4], ["LIMIT", 1]]
  ↳ app/controllers/subs_controller.rb:9
  Rendering subs/show.html.erb within layouts/application
  Rendered subs/show.html.erb within layouts/application (0.7ms)
Completed 200 OK in 689ms (Views: 683.8ms | ActiveRecord: 1.0ms)


Started GET "/subs/4/edit" for ::1 at 2020-12-14 15:12:53 -0500
Processing by SubsController#edit as HTML
  Parameters: {"id"=>"4"}
  [1m[36mUser Load (0.5ms)[0m  [1m[34mSELECT  "users".* FROM "users" WHERE "users"."session_token" = $1 LIMIT $2[0m  [["session_token", "kVMDFh42ZYTJGAbUt7OrBg"], ["LIMIT", 1]]
  ↳ app/controllers/application_controller.rb:5
  [1m[36mSub Load (0.5ms)[0m  [1m[34mSELECT  "subs".* FROM "subs" WHERE "subs"."id" = $1 LIMIT $2[0m  [["id", 4], ["LIMIT", 1]]
  ↳ app/controllers/subs_controller.rb:30
  Rendering subs/edit.html.erb within layouts/application
  Rendered subs/edit.html.erb within layouts/application (1.0ms)
Completed 200 OK in 860ms (Views: 851.6ms | ActiveRecord: 1.0ms)


Started PATCH "/subs/4" for ::1 at 2020-12-14 15:13:08 -0500
Processing by SubsController#update as HTML
  Parameters: {"authenticity_token"=>"suXT8hU/+ajlHYMHHQi0geSlmW5M7ks37C2qq3Q9A0tsMXcCYPG75C0sPPxF4QRr4u7S49w5Ls6rCW6000dAug==", "sub"=>{"title"=>"cold", "content"=>"hot"}, "id"=>"4"}
  [1m[36mUser Load (0.5ms)[0m  [1m[34mSELECT  "users".* FROM "users" WHERE "users"."session_token" = $1 LIMIT $2[0m  [["session_token", "kVMDFh42ZYTJGAbUt7OrBg"], ["LIMIT", 1]]
  ↳ app/controllers/application_controller.rb:5
  [1m[36mSub Load (0.6ms)[0m  [1m[34mSELECT  "subs".* FROM "subs" WHERE "subs"."id" = $1 LIMIT $2[0m  [["id", 4], ["LIMIT", 1]]
  ↳ app/controllers/subs_controller.rb:35
  [1m[35m (0.7ms)[0m  [1m[35mBEGIN[0m
  ↳ app/controllers/subs_controller.rb:36
  [1m[36mUser Load (1.3ms)[0m  [1m[34mSELECT  "users".* FROM "users" WHERE "users"."id" = $1 LIMIT $2[0m  [["id", 1], ["LIMIT", 1]]
  ↳ app/controllers/subs_controller.rb:36
  [1m[36mSub Update (2.2ms)[0m  [1m[33mUPDATE "subs" SET "title" = $1, "content" = $2, "updated_at" = $3 WHERE "subs"."id" = $4[0m  [["title", "cold"], ["content", "hot"], ["updated_at", "2020-12-14 20:13:08.229002"], ["id", 4]]
  ↳ app/controllers/subs_controller.rb:36
  [1m[35m (2.5ms)[0m  [1m[35mCOMMIT[0m
  ↳ app/controllers/subs_controller.rb:36
Redirected to http://localhost:3000/subs
Completed 302 Found in 39ms (ActiveRecord: 7.8ms)


Started GET "/subs" for ::1 at 2020-12-14 15:13:08 -0500
Processing by SubsController#index as HTML
  [1m[36mUser Load (0.5ms)[0m  [1m[34mSELECT  "users".* FROM "users" WHERE "users"."session_token" = $1 LIMIT $2[0m  [["session_token", "kVMDFh42ZYTJGAbUt7OrBg"], ["LIMIT", 1]]
  ↳ app/controllers/application_controller.rb:5
  Rendering subs/index.html.erb within layouts/application
  [1m[36mSub Load (0.4ms)[0m  [1m[34mSELECT "subs".* FROM "subs"[0m
  ↳ app/views/subs/index.html.erb:4
  Rendered subs/index.html.erb within layouts/application (3.3ms)
Completed 200 OK in 849ms (Views: 838.1ms | ActiveRecord: 0.9ms)


Started GET "/subs/1" for ::1 at 2020-12-14 15:13:15 -0500
Processing by SubsController#show as HTML
  Parameters: {"id"=>"1"}
  [1m[36mUser Load (0.3ms)[0m  [1m[34mSELECT  "users".* FROM "users" WHERE "users"."session_token" = $1 LIMIT $2[0m  [["session_token", "kVMDFh42ZYTJGAbUt7OrBg"], ["LIMIT", 1]]
  ↳ app/controllers/application_controller.rb:5
  [1m[36mSub Load (0.4ms)[0m  [1m[34mSELECT  "subs".* FROM "subs" WHERE "subs"."id" = $1 LIMIT $2[0m  [["id", 1], ["LIMIT", 1]]
  ↳ app/controllers/subs_controller.rb:9
  Rendering subs/show.html.erb within layouts/application
  Rendered subs/show.html.erb within layouts/application (0.8ms)
Completed 200 OK in 855ms (Views: 849.8ms | ActiveRecord: 0.8ms)


Started GET "/subs/1/edit" for ::1 at 2020-12-14 15:13:22 -0500
Processing by SubsController#edit as HTML
  Parameters: {"id"=>"1"}
  [1m[36mUser Load (0.4ms)[0m  [1m[34mSELECT  "users".* FROM "users" WHERE "users"."session_token" = $1 LIMIT $2[0m  [["session_token", "kVMDFh42ZYTJGAbUt7OrBg"], ["LIMIT", 1]]
  ↳ app/controllers/application_controller.rb:5
  [1m[36mSub Load (0.5ms)[0m  [1m[34mSELECT  "subs".* FROM "subs" WHERE "subs"."id" = $1 LIMIT $2[0m  [["id", 1], ["LIMIT", 1]]
  ↳ app/controllers/subs_controller.rb:30
  Rendering subs/edit.html.erb within layouts/application
  Rendered subs/edit.html.erb within layouts/application (0.8ms)
Completed 200 OK in 850ms (Views: 834.2ms | ActiveRecord: 1.0ms)


Started PATCH "/subs/1" for ::1 at 2020-12-14 15:13:29 -0500
Processing by SubsController#update as HTML
  Parameters: {"authenticity_token"=>"JiBUSe7hqV97pstbFHqZJ4jVUSVymG1zsi22D3w1U9P49PC5my/rE7OXdKBMkynNjp4aqOJPCIr1CXIQ208QIg==", "sub"=>{"title"=>"hello", "content"=>"world"}, "id"=>"1"}
  [1m[36mUser Load (0.4ms)[0m  [1m[34mSELECT  "users".* FROM "users" WHERE "users"."session_token" = $1 LIMIT $2[0m  [["session_token", "kVMDFh42ZYTJGAbUt7OrBg"], ["LIMIT", 1]]
  ↳ app/controllers/application_controller.rb:5
  [1m[36mSub Load (0.5ms)[0m  [1m[34mSELECT  "subs".* FROM "subs" WHERE "subs"."id" = $1 LIMIT $2[0m  [["id", 1], ["LIMIT", 1]]
  ↳ app/controllers/subs_controller.rb:35
  [1m[35m (0.3ms)[0m  [1m[35mBEGIN[0m
  ↳ app/controllers/subs_controller.rb:36
  [1m[36mUser Load (0.6ms)[0m  [1m[34mSELECT  "users".* FROM "users" WHERE "users"."id" = $1 LIMIT $2[0m  [["id", 1], ["LIMIT", 1]]
  ↳ app/controllers/subs_controller.rb:36
  [1m[36mSub Update (1.1ms)[0m  [1m[33mUPDATE "subs" SET "content" = $1, "updated_at" = $2 WHERE "subs"."id" = $3[0m  [["content", "world"], ["updated_at", "2020-12-14 20:13:29.247942"], ["id", 1]]
  ↳ app/controllers/subs_controller.rb:36
  [1m[35m (3.5ms)[0m  [1m[35mCOMMIT[0m
  ↳ app/controllers/subs_controller.rb:36
Redirected to http://localhost:3000/subs
Completed 302 Found in 26ms (ActiveRecord: 6.3ms)


Started GET "/subs" for ::1 at 2020-12-14 15:13:29 -0500
Processing by SubsController#index as HTML
  [1m[36mUser Load (0.4ms)[0m  [1m[34mSELECT  "users".* FROM "users" WHERE "users"."session_token" = $1 LIMIT $2[0m  [["session_token", "kVMDFh42ZYTJGAbUt7OrBg"], ["LIMIT", 1]]
  ↳ app/controllers/application_controller.rb:5
  Rendering subs/index.html.erb within layouts/application
  [1m[36mSub Load (0.5ms)[0m  [1m[34mSELECT "subs".* FROM "subs"[0m
  ↳ app/views/subs/index.html.erb:4
  Rendered subs/index.html.erb within layouts/application (3.0ms)
Completed 200 OK in 790ms (Views: 784.9ms | ActiveRecord: 0.9ms)


Started GET "/subs/1" for ::1 at 2020-12-14 15:13:32 -0500
Processing by SubsController#show as HTML
  Parameters: {"id"=>"1"}
  [1m[36mUser Load (0.3ms)[0m  [1m[34mSELECT  "users".* FROM "users" WHERE "users"."session_token" = $1 LIMIT $2[0m  [["session_token", "kVMDFh42ZYTJGAbUt7OrBg"], ["LIMIT", 1]]
  ↳ app/controllers/application_controller.rb:5
  [1m[36mSub Load (0.3ms)[0m  [1m[34mSELECT  "subs".* FROM "subs" WHERE "subs"."id" = $1 LIMIT $2[0m  [["id", 1], ["LIMIT", 1]]
  ↳ app/controllers/subs_controller.rb:9
  Rendering subs/show.html.erb within layouts/application
  Rendered subs/show.html.erb within layouts/application (1.0ms)
Completed 200 OK in 662ms (Views: 657.0ms | ActiveRecord: 0.6ms)


Started GET "/subs/2" for ::1 at 2020-12-14 15:13:38 -0500
Processing by SubsController#show as HTML
  Parameters: {"id"=>"2"}
  [1m[36mUser Load (0.3ms)[0m  [1m[34mSELECT  "users".* FROM "users" WHERE "users"."session_token" = $1 LIMIT $2[0m  [["session_token", "kVMDFh42ZYTJGAbUt7OrBg"], ["LIMIT", 1]]
  ↳ app/controllers/application_controller.rb:5
  [1m[36mSub Load (0.3ms)[0m  [1m[34mSELECT  "subs".* FROM "subs" WHERE "subs"."id" = $1 LIMIT $2[0m  [["id", 2], ["LIMIT", 1]]
  ↳ app/controllers/subs_controller.rb:9
  Rendering subs/show.html.erb within layouts/application
  Rendered subs/show.html.erb within layouts/application (0.6ms)
Completed 200 OK in 672ms (Views: 667.7ms | ActiveRecord: 0.6ms)


