  [1m[35m (1054.4ms)[0m  [1m[35mCREATE DATABASE "Auth_development" ENCODING = 'unicode'[0m
  ↳ bin/rails:9
  [1m[35m (1014.9ms)[0m  [1m[35mCREATE DATABASE "Auth_test" ENCODING = 'unicode'[0m
  ↳ bin/rails:9
  [1m[35m (51.0ms)[0m  [1m[35mCREATE TABLE "schema_migrations" ("version" character varying NOT NULL PRIMARY KEY)[0m
  ↳ bin/rails:9
  [1m[35m (29.3ms)[0m  [1m[35mCREATE TABLE "ar_internal_metadata" ("key" character varying NOT NULL PRIMARY KEY, "value" character varying, "created_at" timestamp NOT NULL, "updated_at" timestamp NOT NULL)[0m
  ↳ bin/rails:9
  [1m[35m (7.5ms)[0m  [1m[34mSELECT pg_try_advisory_lock(963987485380398675)[0m
  ↳ bin/rails:9
  [1m[35m (1.6ms)[0m  [1m[34mSELECT "schema_migrations"."version" FROM "schema_migrations" ORDER BY "schema_migrations"."version" ASC[0m
  ↳ bin/rails:9
Migrating to CreateUsers (20201207060429)
  [1m[35m (0.7ms)[0m  [1m[35mBEGIN[0m
  ↳ bin/rails:9
  [1m[35m (39.4ms)[0m  [1m[35mCREATE TABLE "users" ("id" bigserial primary key, "username" character varying NOT NULL, "password_digest" character varying NOT NULL, "session_token" character varying, "created_at" timestamp NOT NULL, "updated_at" timestamp NOT NULL)[0m
  ↳ db/migrate/20201207060429_create_users.rb:3
  [1m[35m (8.6ms)[0m  [1m[35mCREATE  INDEX  "index_users_on_username" ON "users"  ("username")[0m
  ↳ db/migrate/20201207060429_create_users.rb:10
  [1m[36mActiveRecord::SchemaMigration Create (13.0ms)[0m  [1m[32mINSERT INTO "schema_migrations" ("version") VALUES ($1) RETURNING "version"[0m  [["version", "20201207060429"]]
  ↳ bin/rails:9
  [1m[35m (3.7ms)[0m  [1m[35mCOMMIT[0m
  ↳ bin/rails:9
  [1m[36mActiveRecord::InternalMetadata Load (2.0ms)[0m  [1m[34mSELECT  "ar_internal_metadata".* FROM "ar_internal_metadata" WHERE "ar_internal_metadata"."key" = $1 LIMIT $2[0m  [["key", "environment"], ["LIMIT", 1]]
  ↳ bin/rails:9
  [1m[35m (1.0ms)[0m  [1m[35mBEGIN[0m
  ↳ bin/rails:9
  [1m[36mActiveRecord::InternalMetadata Create (8.1ms)[0m  [1m[32mINSERT INTO "ar_internal_metadata" ("key", "value", "created_at", "updated_at") VALUES ($1, $2, $3, $4) RETURNING "key"[0m  [["key", "environment"], ["value", "development"], ["created_at", "2020-12-07 06:07:17.284214"], ["updated_at", "2020-12-07 06:07:17.284214"]]
  ↳ bin/rails:9
  [1m[35m (3.5ms)[0m  [1m[35mCOMMIT[0m
  ↳ bin/rails:9
  [1m[35m (1.9ms)[0m  [1m[34mSELECT pg_advisory_unlock(963987485380398675)[0m
  ↳ bin/rails:9
  [1m[35m (1.6ms)[0m  [1m[34mSELECT "schema_migrations"."version" FROM "schema_migrations" ORDER BY "schema_migrations"."version" ASC[0m
  ↳ bin/rails:9
  [1m[36mUser Load (1.5ms)[0m  [1m[34mSELECT  "users".* FROM "users" LIMIT $1[0m  [["LIMIT", 11]]
  [1m[35m (0.8ms)[0m  [1m[35mBEGIN[0m
  [1m[36mUser Exists (1.3ms)[0m  [1m[34mSELECT  1 AS one FROM "users" WHERE "users"."username" IS NULL LIMIT $1[0m  [["LIMIT", 1]]
  [1m[36mUser Exists (1.6ms)[0m  [1m[34mSELECT  1 AS one FROM "users" WHERE "users"."session_token" = $1 LIMIT $2[0m  [["session_token", "EnScOSqA7BCl-AnJdKqWdw"], ["LIMIT", 1]]
  [1m[35m (1.1ms)[0m  [1m[31mROLLBACK[0m
  [1m[35m (0.6ms)[0m  [1m[35mBEGIN[0m
  [1m[36mUser Exists (2.1ms)[0m  [1m[34mSELECT  1 AS one FROM "users" WHERE "users"."username" = $1 LIMIT $2[0m  [["username", "gage"], ["LIMIT", 1]]
  [1m[36mUser Exists (1.1ms)[0m  [1m[34mSELECT  1 AS one FROM "users" WHERE "users"."session_token" = $1 LIMIT $2[0m  [["session_token", "OhP8QWCYYVCWXb0gnUotqQ"], ["LIMIT", 1]]
  [1m[36mUser Create (3.2ms)[0m  [1m[32mINSERT INTO "users" ("username", "password_digest", "session_token", "created_at", "updated_at") VALUES ($1, $2, $3, $4, $5) RETURNING "id"[0m  [["username", "gage"], ["password_digest", "$2a$12$FjO.b5GoC6/ums8IBxExSOAV.84j2xt1yrwCTqc4uXAYGfCntEmI."], ["session_token", "OhP8QWCYYVCWXb0gnUotqQ"], ["created_at", "2020-12-07 06:31:59.050007"], ["updated_at", "2020-12-07 06:31:59.050007"]]
  [1m[35m (9.9ms)[0m  [1m[35mCOMMIT[0m
  [1m[36mUser Load (1.3ms)[0m  [1m[34mSELECT  "users".* FROM "users" LIMIT $1[0m  [["LIMIT", 11]]
  [1m[35m (0.7ms)[0m  [1m[35mBEGIN[0m
  [1m[36mUser Exists (2.0ms)[0m  [1m[34mSELECT  1 AS one FROM "users" WHERE "users"."username" = $1 LIMIT $2[0m  [["username", "gage"], ["LIMIT", 1]]
  [1m[36mUser Exists (1.5ms)[0m  [1m[34mSELECT  1 AS one FROM "users" WHERE "users"."session_token" = $1 LIMIT $2[0m  [["session_token", "CGV9uEAtF8iM626F_skhOQ"], ["LIMIT", 1]]
  [1m[35m (1.0ms)[0m  [1m[31mROLLBACK[0m
  [1m[36mUser Load (1.0ms)[0m  [1m[34mSELECT  "users".* FROM "users" ORDER BY "users"."id" ASC LIMIT $1[0m  [["LIMIT", 1]]
