  [1m[35m (769.8ms)[0m  [1m[35mCREATE DATABASE "ninety_nine_cats_development" ENCODING = 'unicode'[0m
  ↳ bin/rails:9
  [1m[35m (409.3ms)[0m  [1m[35mCREATE DATABASE "ninety_nine_cats_test" ENCODING = 'unicode'[0m
  ↳ bin/rails:9
  [1m[35m (37.8ms)[0m  [1m[35mCREATE TABLE "schema_migrations" ("version" character varying NOT NULL PRIMARY KEY)[0m
  ↳ bin/rails:9
  [1m[35m (23.5ms)[0m  [1m[35mCREATE TABLE "ar_internal_metadata" ("key" character varying NOT NULL PRIMARY KEY, "value" character varying, "created_at" timestamp NOT NULL, "updated_at" timestamp NOT NULL)[0m
  ↳ bin/rails:9
  [1m[35m (1.6ms)[0m  [1m[34mSELECT pg_try_advisory_lock(723150122408807205)[0m
  ↳ bin/rails:9
  [1m[35m (0.5ms)[0m  [1m[34mSELECT "schema_migrations"."version" FROM "schema_migrations" ORDER BY "schema_migrations"."version" ASC[0m
  ↳ bin/rails:9
Migrating to CreateCat (20201204171739)
  [1m[35m (0.2ms)[0m  [1m[35mBEGIN[0m
  ↳ bin/rails:9
  [1m[35m (18.4ms)[0m  [1m[35mCREATE TABLE "cats" ("id" bigserial primary key, "birth_date" date NOT NULL, "color" character varying NOT NULL, "name" character varying NOT NULL, "sex" character varying(1) NOT NULL, "description" text NOT NULL, "created_at" timestamp NOT NULL, "updated_at" timestamp NOT NULL)[0m
  ↳ db/migrate/20201204171739_create_cat.rb:3
  [1m[36mActiveRecord::SchemaMigration Create (3.6ms)[0m  [1m[32mINSERT INTO "schema_migrations" ("version") VALUES ($1) RETURNING "version"[0m  [["version", "20201204171739"]]
  ↳ bin/rails:9
  [1m[35m (3.9ms)[0m  [1m[35mCOMMIT[0m
  ↳ bin/rails:9
  [1m[36mActiveRecord::InternalMetadata Load (0.5ms)[0m  [1m[34mSELECT  "ar_internal_metadata".* FROM "ar_internal_metadata" WHERE "ar_internal_metadata"."key" = $1 LIMIT $2[0m  [["key", "environment"], ["LIMIT", 1]]
  ↳ bin/rails:9
  [1m[35m (0.1ms)[0m  [1m[35mBEGIN[0m
  ↳ bin/rails:9
  [1m[36mActiveRecord::InternalMetadata Create (1.7ms)[0m  [1m[32mINSERT INTO "ar_internal_metadata" ("key", "value", "created_at", "updated_at") VALUES ($1, $2, $3, $4) RETURNING "key"[0m  [["key", "environment"], ["value", "development"], ["created_at", "2020-12-04 18:37:23.975864"], ["updated_at", "2020-12-04 18:37:23.975864"]]
  ↳ bin/rails:9
  [1m[35m (2.9ms)[0m  [1m[35mCOMMIT[0m
  ↳ bin/rails:9
  [1m[35m (0.5ms)[0m  [1m[34mSELECT pg_advisory_unlock(723150122408807205)[0m
  ↳ bin/rails:9
  [1m[35m (0.2ms)[0m  [1m[34mSELECT "schema_migrations"."version" FROM "schema_migrations" ORDER BY "schema_migrations"."version" ASC[0m
  ↳ bin/rails:9
  [1m[35m (0.5ms)[0m  [1m[34mSELECT "schema_migrations"."version" FROM "schema_migrations" ORDER BY "schema_migrations"."version" ASC[0m
  ↳ bin/rails:9
  [1m[35m (0.5ms)[0m  [1m[34mSELECT "schema_migrations"."version" FROM "schema_migrations" ORDER BY "schema_migrations"."version" ASC[0m
  ↳ bin/rails:9
  [1m[35m (0.2ms)[0m  [1m[35mBEGIN[0m
  ↳ db/seeds.rb:8
  [1m[35m (1.6ms)[0m  [1m[31mROLLBACK[0m
  ↳ db/seeds.rb:8
  [1m[35m (0.4ms)[0m  [1m[34mSELECT "schema_migrations"."version" FROM "schema_migrations" ORDER BY "schema_migrations"."version" ASC[0m
  ↳ bin/rails:9
  [1m[35m (0.2ms)[0m  [1m[35mBEGIN[0m
  ↳ db/seeds.rb:8
  [1m[35m (0.2ms)[0m  [1m[31mROLLBACK[0m
  ↳ db/seeds.rb:8
  [1m[35m (2.4ms)[0m  [1m[34mSELECT "schema_migrations"."version" FROM "schema_migrations" ORDER BY "schema_migrations"."version" ASC[0m
  ↳ bin/rails:9
  [1m[35m (0.3ms)[0m  [1m[35mBEGIN[0m
  ↳ db/seeds.rb:8
  [1m[35m (1.6ms)[0m  [1m[31mROLLBACK[0m
  ↳ db/seeds.rb:8
  [1m[35m (1.0ms)[0m  [1m[34mSELECT "schema_migrations"."version" FROM "schema_migrations" ORDER BY "schema_migrations"."version" ASC[0m
  ↳ bin/rails:9
  [1m[35m (0.2ms)[0m  [1m[35mBEGIN[0m
  ↳ db/seeds.rb:8
  [1m[35m (0.2ms)[0m  [1m[31mROLLBACK[0m
  ↳ db/seeds.rb:8
  [1m[35m (0.4ms)[0m  [1m[34mSELECT "schema_migrations"."version" FROM "schema_migrations" ORDER BY "schema_migrations"."version" ASC[0m
  ↳ bin/rails:9
  [1m[35m (0.3ms)[0m  [1m[35mBEGIN[0m
  ↳ db/seeds.rb:8
  [1m[36mCat Destroy (0.7ms)[0m  [1m[31mDELETE FROM "cats"[0m
  ↳ db/seeds.rb:9
  [1m[36mCat Create (1.8ms)[0m  [1m[32mINSERT INTO "cats" ("birth_date", "color", "name", "sex", "description", "created_at", "updated_at") VALUES ($1, $2, $3, $4, $5, $6, $7) RETURNING "id"[0m  [["birth_date", "2020-12-01"], ["color", "black"], ["name", "Salem"], ["sex", "M"], ["description", "Sabrina the Teenage Witch's cat"], ["created_at", "2020-12-04 19:03:34.750857"], ["updated_at", "2020-12-04 19:03:34.750857"]]
  ↳ db/seeds.rb:11
  [1m[35m (3.6ms)[0m  [1m[35mCOMMIT[0m
  ↳ db/seeds.rb:8
Started GET "/" for ::1 at 2020-12-04 14:13:28 -0500
  [1m[35m (0.6ms)[0m  [1m[34mSELECT "schema_migrations"."version" FROM "schema_migrations" ORDER BY "schema_migrations"."version" ASC[0m
  ↳ /home/dsuh/.rbenv/versions/2.5.1/lib/ruby/gems/2.5.0/gems/activerecord-5.2.4.4/lib/active_record/log_subscriber.rb:98
Processing by Rails::WelcomeController#index as HTML
  Rendering /home/dsuh/.rbenv/versions/2.5.1/lib/ruby/gems/2.5.0/gems/railties-5.2.4.4/lib/rails/templates/rails/welcome/index.html.erb
  Rendered /home/dsuh/.rbenv/versions/2.5.1/lib/ruby/gems/2.5.0/gems/railties-5.2.4.4/lib/rails/templates/rails/welcome/index.html.erb (3.3ms)
Completed 200 OK in 24ms (Views: 8.1ms | ActiveRecord: 0.0ms)


Started GET "/cats" for ::1 at 2020-12-04 14:13:35 -0500
Processing by CatsController#index as HTML
Completed 500 Internal Server Error in 130ms (ActiveRecord: 0.0ms)



ActionView::MissingTemplate - Missing template cats/index, application/index with {:locale=>[:en], :formats=>[:html], :variants=>[], :handlers=>[:raw, :erb, :html, :builder, :ruby, :coffee, :jbuilder]}. Searched in:
  * "/mnt/c/Users/david/Desktop/AA_classwork/w6d5/ninety_nine_cats/app/views":
  app/controllers/cats_controller.rb:5:in `index'

Started POST "/__better_errors/d1bdb9890cd07f16/variables" for ::1 at 2020-12-04 14:13:36 -0500
  [1m[36mCat Load (0.5ms)[0m  [1m[34mSELECT  "cats".* FROM "cats" LIMIT $1[0m  [["LIMIT", 11]]
  ↳ /home/dsuh/.rbenv/versions/2.5.1/lib/ruby/gems/2.5.0/gems/activerecord-5.2.4.4/lib/active_record/log_subscriber.rb:98
Started GET "/cats" for ::1 at 2020-12-04 14:15:01 -0500
Processing by CatsController#index as HTML
Completed 500 Internal Server Error in 126ms (ActiveRecord: 0.0ms)



ActionView::MissingTemplate - Missing template cats/index, application/index with {:locale=>[:en], :formats=>[:html], :variants=>[], :handlers=>[:raw, :erb, :html, :builder, :ruby, :coffee, :jbuilder]}. Searched in:
  * "/mnt/c/Users/david/Desktop/AA_classwork/w6d5/ninety_nine_cats/app/views":
  app/controllers/cats_controller.rb:5:in `index'

Started POST "/__better_errors/68afef465984cbb9/variables" for ::1 at 2020-12-04 14:15:01 -0500
  [1m[36mCat Load (0.4ms)[0m  [1m[34mSELECT  "cats".* FROM "cats" LIMIT $1[0m  [["LIMIT", 11]]
  ↳ /home/dsuh/.rbenv/versions/2.5.1/lib/ruby/gems/2.5.0/gems/activerecord-5.2.4.4/lib/active_record/log_subscriber.rb:98
Started GET "/cats" for ::1 at 2020-12-04 14:15:23 -0500
Processing by CatsController#index as HTML
Completed 500 Internal Server Error in 145ms (ActiveRecord: 0.0ms)



ActionView::MissingTemplate - Missing template cats/index, application/index with {:locale=>[:en], :formats=>[:html], :variants=>[], :handlers=>[:raw, :erb, :html, :builder, :ruby, :coffee, :jbuilder]}. Searched in:
  * "/mnt/c/Users/david/Desktop/AA_classwork/w6d5/ninety_nine_cats/app/views":
  app/controllers/cats_controller.rb:5:in `index'

Started POST "/__better_errors/874138bc4a63f53c/variables" for ::1 at 2020-12-04 14:15:24 -0500
  [1m[36mCat Load (0.7ms)[0m  [1m[34mSELECT  "cats".* FROM "cats" LIMIT $1[0m  [["LIMIT", 11]]
  ↳ /home/dsuh/.rbenv/versions/2.5.1/lib/ruby/gems/2.5.0/gems/activerecord-5.2.4.4/lib/active_record/log_subscriber.rb:98
Started GET "/cats" for ::1 at 2020-12-04 14:17:14 -0500
Processing by CatsController#index as HTML
Completed 500 Internal Server Error in 127ms (ActiveRecord: 0.0ms)



ActionView::MissingTemplate - Missing template cats/index, application/index with {:locale=>[:en], :formats=>[:html], :variants=>[], :handlers=>[:raw, :erb, :html, :builder, :ruby, :coffee, :jbuilder]}. Searched in:
  * "/mnt/c/Users/david/Desktop/AA_classwork/w6d5/ninety_nine_cats/app/views":
  app/controllers/cats_controller.rb:5:in `index'

Started POST "/__better_errors/2a6578c455d67105/variables" for ::1 at 2020-12-04 14:17:14 -0500
  [1m[36mCat Load (1.2ms)[0m  [1m[34mSELECT  "cats".* FROM "cats" LIMIT $1[0m  [["LIMIT", 11]]
  ↳ /home/dsuh/.rbenv/versions/2.5.1/lib/ruby/gems/2.5.0/gems/activerecord-5.2.4.4/lib/active_record/log_subscriber.rb:98
Started GET "/cats" for ::1 at 2020-12-04 14:18:09 -0500
Processing by CatsController#index as HTML
  Rendering cats/index.html.erb within layouts/application
  [1m[36mCat Load (0.4ms)[0m  [1m[34mSELECT "cats".* FROM "cats"[0m
  ↳ app/views/cats/index.html.erb:4
  Rendered cats/index.html.erb within layouts/application (1.7ms)
Completed 200 OK in 2542ms (Views: 2541.4ms | ActiveRecord: 0.4ms)


Started GET "/cats" for ::1 at 2020-12-04 14:18:59 -0500
Processing by CatsController#index as HTML
  Rendering cats/index.html.erb within layouts/application
  Rendered cats/index.html.erb within layouts/application (1.4ms)
Completed 500 Internal Server Error in 239ms (ActiveRecord: 0.0ms)



SyntaxError - syntax error, unexpected ')', expecting '='
...nd=( cat.name, cat.birth_date );@output_buffer.safe_append='...
...                              ^
/mnt/c/Users/david/Desktop/AA_classwork/w6d5/ninety_nine_cats/app/views/cats/index.html.erb:6: syntax error, unexpected keyword_end, expecting ')'
'.freeze; end 
          ^~~
/mnt/c/Users/david/Desktop/AA_classwork/w6d5/ninety_nine_cats/app/views/cats/index.html.erb:8: syntax error, unexpected keyword_ensure, expecting ')'
          ensure
          ^~~~~~
/mnt/c/Users/david/Desktop/AA_classwork/w6d5/ninety_nine_cats/app/views/cats/index.html.erb:10: syntax error, unexpected keyword_end, expecting ')'
          end
          ^~~:
  app/views/cats/index.html.erb:5:in `'
  app/controllers/cats_controller.rb:5:in `index'

Started POST "/__better_errors/a2c41ad411a082da/variables" for ::1 at 2020-12-04 14:18:59 -0500
  [1m[36mCat Load (0.4ms)[0m  [1m[34mSELECT  "cats".* FROM "cats" LIMIT $1[0m  [["LIMIT", 11]]
  ↳ /home/dsuh/.rbenv/versions/2.5.1/lib/ruby/gems/2.5.0/gems/activerecord-5.2.4.4/lib/active_record/log_subscriber.rb:98
Started GET "/cats" for ::1 at 2020-12-04 14:19:39 -0500
Processing by CatsController#index as HTML
  Rendering cats/index.html.erb within layouts/application
  [1m[36mCat Load (0.4ms)[0m  [1m[34mSELECT "cats".* FROM "cats"[0m
  ↳ app/views/cats/index.html.erb:4
  Rendered cats/index.html.erb within layouts/application (1.8ms)
Completed 200 OK in 509ms (Views: 508.3ms | ActiveRecord: 0.4ms)


Started GET "/cats" for ::1 at 2020-12-04 14:20:00 -0500
Processing by CatsController#index as HTML
  Rendering cats/index.html.erb within layouts/application
  [1m[36mCat Load (0.5ms)[0m  [1m[34mSELECT "cats".* FROM "cats"[0m
  ↳ app/views/cats/index.html.erb:4
  Rendered cats/index.html.erb within layouts/application (4.9ms)
Completed 200 OK in 543ms (Views: 542.3ms | ActiveRecord: 0.5ms)


Started GET "/cats" for ::1 at 2020-12-04 14:20:09 -0500
Processing by CatsController#index as HTML
  Rendering cats/index.html.erb within layouts/application
  [1m[36mCat Load (0.5ms)[0m  [1m[34mSELECT "cats".* FROM "cats"[0m
  ↳ app/views/cats/index.html.erb:4
  Rendered cats/index.html.erb within layouts/application (2.3ms)
Completed 200 OK in 537ms (Views: 536.1ms | ActiveRecord: 0.5ms)


Started GET "/cats" for ::1 at 2020-12-04 14:20:12 -0500
Processing by CatsController#index as HTML
  Rendering cats/index.html.erb within layouts/application
  [1m[36mCat Load (0.4ms)[0m  [1m[34mSELECT "cats".* FROM "cats"[0m
  ↳ app/views/cats/index.html.erb:4
  Rendered cats/index.html.erb within layouts/application (2.6ms)
Completed 200 OK in 612ms (Views: 611.3ms | ActiveRecord: 0.4ms)


Started GET "/cats" for ::1 at 2020-12-04 14:20:38 -0500
Processing by CatsController#index as HTML
  Rendering cats/index.html.erb within layouts/application
  [1m[36mCat Load (0.4ms)[0m  [1m[34mSELECT "cats".* FROM "cats"[0m
  ↳ app/views/cats/index.html.erb:4
  Rendered cats/index.html.erb within layouts/application (2.1ms)
Completed 200 OK in 613ms (Views: 611.2ms | ActiveRecord: 0.4ms)


Started GET "/cats" for ::1 at 2020-12-04 14:20:46 -0500
Processing by CatsController#index as HTML
  Rendering cats/index.html.erb within layouts/application
  [1m[36mCat Load (0.4ms)[0m  [1m[34mSELECT "cats".* FROM "cats"[0m
  ↳ app/views/cats/index.html.erb:4
  Rendered cats/index.html.erb within layouts/application (2.1ms)
Completed 200 OK in 580ms (Views: 578.6ms | ActiveRecord: 0.4ms)


Started GET "/cats" for ::1 at 2020-12-04 14:22:17 -0500
Processing by CatsController#index as HTML
  Rendering cats/index.html.erb within layouts/application
  [1m[36mCat Load (0.4ms)[0m  [1m[34mSELECT "cats".* FROM "cats"[0m
  ↳ app/views/cats/index.html.erb:4
  Rendered cats/index.html.erb within layouts/application (2.0ms)
Completed 200 OK in 526ms (Views: 525.1ms | ActiveRecord: 0.4ms)


Started GET "/cats" for ::1 at 2020-12-04 14:28:13 -0500
Processing by CatsController#index as HTML
  Rendering cats/index.html.erb within layouts/application
  [1m[36mCat Load (0.6ms)[0m  [1m[34mSELECT "cats".* FROM "cats"[0m
  ↳ app/views/cats/index.html.erb:4
  Rendered cats/index.html.erb within layouts/application (2.8ms)
Completed 200 OK in 526ms (Views: 524.2ms | ActiveRecord: 0.6ms)


Started GET "/cats" for ::1 at 2020-12-04 14:29:03 -0500
Processing by CatsController#index as HTML
  Rendering cats/index.html.erb within layouts/application
  [1m[36mCat Load (2.1ms)[0m  [1m[34mSELECT "cats".* FROM "cats"[0m
  ↳ app/views/cats/index.html.erb:4
  Rendered cats/index.html.erb within layouts/application (10.3ms)
Completed 200 OK in 571ms (Views: 566.8ms | ActiveRecord: 2.1ms)


Started GET "/cats/1" for ::1 at 2020-12-04 14:29:05 -0500
Processing by CatsController#show as HTML
  Parameters: {"id"=>"1"}
  Rendering cats/show.html.erb within layouts/application
  Rendered cats/show.html.erb within layouts/application (100.0ms)
Completed 500 Internal Server Error in 460ms (ActiveRecord: 0.0ms)



NoMethodError - undefined method `name' for nil:NilClass:
  app/views/cats/show.html.erb:3:in `_app_views_cats_show_html_erb___896614048518934210_69830364311760'

Started POST "/__better_errors/4e79ba8388363f51/variables" for ::1 at 2020-12-04 14:29:07 -0500
Started GET "/cats/1" for ::1 at 2020-12-04 14:30:29 -0500
Processing by CatsController#show as HTML
  Parameters: {"id"=>"1"}
  Rendering cats/show.html.erb within layouts/application
  Rendered cats/show.html.erb within layouts/application (95.2ms)
Completed 500 Internal Server Error in 446ms (ActiveRecord: 0.0ms)



NoMethodError - undefined method `name' for nil:NilClass:
  app/views/cats/show.html.erb:3:in `_app_views_cats_show_html_erb___896614048518934210_69830345115200'

Started POST "/__better_errors/f84eb9ca309d012c/variables" for ::1 at 2020-12-04 14:30:31 -0500
Started GET "/cats/1" for ::1 at 2020-12-04 14:31:08 -0500
Processing by CatsController#show as HTML
  Parameters: {"id"=>"1"}
  Rendering cats/show.html.erb within layouts/application
  Rendered cats/show.html.erb within layouts/application (92.9ms)
Completed 500 Internal Server Error in 437ms (ActiveRecord: 0.0ms)



NoMethodError - undefined method `name' for nil:NilClass:
  app/views/cats/show.html.erb:3:in `_app_views_cats_show_html_erb___896614048518934210_69830340599340'

Started POST "/__better_errors/6d82ee0049abe403/variables" for ::1 at 2020-12-04 14:31:10 -0500
Started GET "/cats/1" for ::1 at 2020-12-04 14:32:59 -0500
Processing by CatsController#show as HTML
  Parameters: {"id"=>"1"}
  Rendering cats/show.html.erb within layouts/application
  Rendered cats/show.html.erb within layouts/application (86.2ms)
Completed 500 Internal Server Error in 445ms (ActiveRecord: 0.0ms)



NoMethodError - undefined method `name' for nil:NilClass:
  app/views/cats/show.html.erb:3:in `_app_views_cats_show_html_erb___896614048518934210_69830335278360'

Started POST "/__better_errors/f06c7f5c25ef4feb/variables" for ::1 at 2020-12-04 14:33:01 -0500
Started GET "/cats/1" for ::1 at 2020-12-04 14:34:33 -0500
Processing by CatsController#show as HTML
  Parameters: {"id"=>"1"}
  Rendering cats/show.html.erb within layouts/application
  Rendered cats/show.html.erb within layouts/application (87.5ms)
Completed 500 Internal Server Error in 395ms (ActiveRecord: 0.0ms)



NoMethodError - undefined method `name' for nil:NilClass:
  app/views/cats/show.html.erb:3:in `_app_views_cats_show_html_erb___896614048518934210_69830345625980'

Started POST "/__better_errors/69793408be8dbcb7/variables" for ::1 at 2020-12-04 14:34:35 -0500
Started GET "/cats" for ::1 at 2020-12-04 14:34:53 -0500
Processing by CatsController#index as HTML
  Rendering cats/index.html.erb within layouts/application
  [1m[36mCat Load (0.3ms)[0m  [1m[34mSELECT "cats".* FROM "cats"[0m
  ↳ app/views/cats/index.html.erb:4
  Rendered cats/index.html.erb within layouts/application (2.0ms)
Completed 200 OK in 560ms (Views: 559.0ms | ActiveRecord: 0.3ms)


Started GET "/cats" for ::1 at 2020-12-04 14:35:30 -0500
Processing by CatsController#index as HTML
  Rendering cats/index.html.erb within layouts/application
  [1m[36mCat Load (0.2ms)[0m  [1m[34mSELECT  "cats".* FROM "cats" LIMIT $1[0m  [["LIMIT", 11]]
  ↳ app/views/cats/index.html.erb:4
  [1m[36mCat Load (0.2ms)[0m  [1m[34mSELECT "cats".* FROM "cats"[0m
  ↳ app/views/cats/index.html.erb:5
  Rendered cats/index.html.erb within layouts/application (3.7ms)
Completed 200 OK in 586ms (Views: 584.5ms | ActiveRecord: 0.7ms)


Started GET "/cats" for ::1 at 2020-12-04 14:37:00 -0500
Processing by CatsController#index as HTML
  Rendering cats/index.html.erb within layouts/application
  [1m[36mCat Load (0.3ms)[0m  [1m[34mSELECT "cats".* FROM "cats"[0m
  ↳ app/views/cats/index.html.erb:4
  Rendered cats/index.html.erb within layouts/application (1.9ms)
Completed 200 OK in 554ms (Views: 553.4ms | ActiveRecord: 0.3ms)


Started GET "/cats/1" for ::1 at 2020-12-04 14:37:48 -0500
Processing by CatsController#show as HTML
  Parameters: {"id"=>"1"}
  Rendering cats/show.html.erb within layouts/application
  Rendered cats/show.html.erb within layouts/application (120.5ms)
Completed 500 Internal Server Error in 519ms (ActiveRecord: 0.0ms)



NoMethodError - undefined method `name' for nil:NilClass:
  app/views/cats/show.html.erb:4:in `_app_views_cats_show_html_erb___896614048518934210_69830332129400'

Started POST "/__better_errors/a848d94b3f89181d/variables" for ::1 at 2020-12-04 14:37:50 -0500
Started GET "/cats/1" for ::1 at 2020-12-04 14:38:25 -0500
Processing by CatsController#show as HTML
  Parameters: {"id"=>"1"}
  Rendering cats/show.html.erb within layouts/application
  Rendered cats/show.html.erb within layouts/application (84.7ms)
Completed 500 Internal Server Error in 367ms (ActiveRecord: 0.0ms)



NoMethodError - undefined method `name' for nil:NilClass:
  app/views/cats/show.html.erb:4:in `_app_views_cats_show_html_erb___896614048518934210_69830345600540'

Started POST "/__better_errors/b3401c4870f046c4/variables" for ::1 at 2020-12-04 14:38:27 -0500
Started GET "/cats/1" for ::1 at 2020-12-04 14:38:50 -0500
Processing by CatsController#show as HTML
  Parameters: {"id"=>"1"}
  Rendering cats/show.html.erb within layouts/application
  Rendered cats/show.html.erb within layouts/application (88.8ms)
Completed 500 Internal Server Error in 376ms (ActiveRecord: 0.0ms)



NoMethodError - undefined method `name' for nil:NilClass:
  app/views/cats/show.html.erb:4:in `_app_views_cats_show_html_erb___896614048518934210_69830344629140'

Started POST "/__better_errors/ea0f97bfc664e63c/variables" for ::1 at 2020-12-04 14:38:52 -0500
Started GET "/cats/1" for ::1 at 2020-12-04 14:43:18 -0500
Processing by CatsController#show as HTML
  Parameters: {"id"=>"1"}
  Rendering cats/show.html.erb within layouts/application
  Rendered cats/show.html.erb within layouts/application (109.2ms)
Completed 500 Internal Server Error in 456ms (ActiveRecord: 0.0ms)



NoMethodError - undefined method `name' for nil:NilClass:
  app/views/cats/show.html.erb:1:in `_app_views_cats_show_html_erb___896614048518934210_69830339568960'

Started POST "/__better_errors/96dd5db6570af0bb/variables" for ::1 at 2020-12-04 14:43:20 -0500
Started GET "/cats/1" for ::1 at 2020-12-04 14:43:59 -0500
Processing by CatsController#show as HTML
  Parameters: {"id"=>"1"}
  Rendering cats/show.html.erb within layouts/application
  Rendered cats/show.html.erb within layouts/application (99.0ms)
Completed 500 Internal Server Error in 486ms (ActiveRecord: 0.0ms)



NoMethodError - undefined method `name' for nil:NilClass:
  app/views/cats/show.html.erb:1:in `_app_views_cats_show_html_erb___896614048518934210_69830346122800'

Started POST "/__better_errors/0c15f9bada427ce1/variables" for ::1 at 2020-12-04 14:44:02 -0500
Started GET "/cats/1" for ::1 at 2020-12-04 14:44:56 -0500
  [1m[35m (0.9ms)[0m  [1m[34mSELECT "schema_migrations"."version" FROM "schema_migrations" ORDER BY "schema_migrations"."version" ASC[0m
  ↳ /home/dsuh/.rbenv/versions/2.5.1/lib/ruby/gems/2.5.0/gems/activerecord-5.2.4.4/lib/active_record/log_subscriber.rb:98
Processing by CatsController#show as HTML
  Parameters: {"id"=>"1"}
  [1m[36mCat Load (0.4ms)[0m  [1m[34mSELECT  "cats".* FROM "cats" WHERE "cats"."id" = $1 LIMIT $2[0m  [["id", 1], ["LIMIT", 1]]
  ↳ app/controllers/cats_controller.rb:9
  Rendering cats/show.html.erb within layouts/application
  Rendered cats/show.html.erb within layouts/application (1.1ms)
Completed 200 OK in 34288ms (Views: 1790.6ms | ActiveRecord: 5.8ms)


Started GET "/cats/1" for ::1 at 2020-12-04 14:49:41 -0500
  [1m[35m (0.4ms)[0m  [1m[34mSELECT "schema_migrations"."version" FROM "schema_migrations" ORDER BY "schema_migrations"."version" ASC[0m
  ↳ /home/dsuh/.rbenv/versions/2.5.1/lib/ruby/gems/2.5.0/gems/activerecord-5.2.4.4/lib/active_record/log_subscriber.rb:98
Processing by CatsController#show as HTML
  Parameters: {"id"=>"1"}
  [1m[36mCat Load (0.4ms)[0m  [1m[34mSELECT  "cats".* FROM "cats" WHERE "cats"."id" = $1 LIMIT $2[0m  [["id", 1], ["LIMIT", 1]]
  ↳ app/controllers/cats_controller.rb:9
  Rendering cats/show.html.erb within layouts/application
  Rendered cats/show.html.erb within layouts/application (0.8ms)
Completed 200 OK in 12630ms (Views: 1820.2ms | ActiveRecord: 3.8ms)


Started GET "/cats/1" for ::1 at 2020-12-04 14:51:09 -0500
Processing by CatsController#show as HTML
  Parameters: {"id"=>"1"}
  [1m[36mCat Load (0.3ms)[0m  [1m[34mSELECT  "cats".* FROM "cats" WHERE "cats"."id" = $1 LIMIT $2[0m  [["id", 1], ["LIMIT", 1]]
  ↳ app/controllers/cats_controller.rb:9
  Rendering cats/show.html.erb within layouts/application
  Rendered cats/show.html.erb within layouts/application (0.6ms)
Completed 200 OK in 685ms (Views: 632.2ms | ActiveRecord: 3.3ms)


Started GET "/cats/1" for ::1 at 2020-12-04 14:51:33 -0500
Processing by CatsController#show as HTML
  Parameters: {"id"=>"1"}
  [1m[36mCat Load (0.3ms)[0m  [1m[34mSELECT  "cats".* FROM "cats" WHERE "cats"."id" = $1 LIMIT $2[0m  [["id", 1], ["LIMIT", 1]]
  ↳ app/controllers/cats_controller.rb:9
  Rendering cats/show.html.erb within layouts/application
  Rendered cats/show.html.erb within layouts/application (0.7ms)
Completed 200 OK in 653ms (Views: 603.1ms | ActiveRecord: 3.0ms)


Started GET "/cats/1" for ::1 at 2020-12-04 14:52:09 -0500
Processing by CatsController#show as HTML
  Parameters: {"id"=>"1"}
  [1m[36mCat Load (0.5ms)[0m  [1m[34mSELECT  "cats".* FROM "cats" WHERE "cats"."id" = $1 LIMIT $2[0m  [["id", 1], ["LIMIT", 1]]
  ↳ app/controllers/cats_controller.rb:9
  Rendering cats/show.html.erb within layouts/application
  Rendered cats/show.html.erb within layouts/application (0.7ms)
Completed 200 OK in 614ms (Views: 561.3ms | ActiveRecord: 3.7ms)


Started GET "/cats/1" for ::1 at 2020-12-04 14:52:34 -0500
Processing by CatsController#show as HTML
  Parameters: {"id"=>"1"}
  [1m[36mCat Load (0.4ms)[0m  [1m[34mSELECT  "cats".* FROM "cats" WHERE "cats"."id" = $1 LIMIT $2[0m  [["id", 1], ["LIMIT", 1]]
  ↳ app/controllers/cats_controller.rb:9
  Rendering cats/show.html.erb within layouts/application
  Rendered cats/show.html.erb within layouts/application (0.8ms)
Completed 200 OK in 683ms (Views: 626.2ms | ActiveRecord: 4.5ms)


Started GET "/cats/1" for ::1 at 2020-12-04 14:52:54 -0500
Processing by CatsController#show as HTML
  Parameters: {"id"=>"1"}
  [1m[36mCat Load (0.5ms)[0m  [1m[34mSELECT  "cats".* FROM "cats" WHERE "cats"."id" = $1 LIMIT $2[0m  [["id", 1], ["LIMIT", 1]]
  ↳ app/controllers/cats_controller.rb:9
  Rendering cats/show.html.erb within layouts/application
  Rendered cats/show.html.erb within layouts/application (1.5ms)
Completed 200 OK in 639ms (Views: 588.5ms | ActiveRecord: 3.7ms)


Started GET "/cats/1" for ::1 at 2020-12-04 14:53:21 -0500
Processing by CatsController#show as HTML
  Parameters: {"id"=>"1"}
  [1m[36mCat Load (0.3ms)[0m  [1m[34mSELECT  "cats".* FROM "cats" WHERE "cats"."id" = $1 LIMIT $2[0m  [["id", 1], ["LIMIT", 1]]
  ↳ app/controllers/cats_controller.rb:9
  Rendering cats/show.html.erb within layouts/application
  Rendered cats/show.html.erb within layouts/application (1.0ms)
Completed 200 OK in 578ms (Views: 532.7ms | ActiveRecord: 3.9ms)


Started GET "/cats/1" for ::1 at 2020-12-04 14:53:54 -0500
Processing by CatsController#show as HTML
  Parameters: {"id"=>"1"}
  [1m[36mCat Load (0.3ms)[0m  [1m[34mSELECT  "cats".* FROM "cats" WHERE "cats"."id" = $1 LIMIT $2[0m  [["id", 1], ["LIMIT", 1]]
  ↳ app/controllers/cats_controller.rb:9
  Rendering cats/show.html.erb within layouts/application
  Rendered cats/show.html.erb within layouts/application (0.8ms)
Completed 200 OK in 581ms (Views: 534.1ms | ActiveRecord: 4.0ms)


Started GET "/cats/1" for ::1 at 2020-12-04 14:54:05 -0500
Processing by CatsController#show as HTML
  Parameters: {"id"=>"1"}
  [1m[36mCat Load (0.3ms)[0m  [1m[34mSELECT  "cats".* FROM "cats" WHERE "cats"."id" = $1 LIMIT $2[0m  [["id", 1], ["LIMIT", 1]]
  ↳ app/controllers/cats_controller.rb:9
  Rendering cats/show.html.erb within layouts/application
  Rendered cats/show.html.erb within layouts/application (1.5ms)
Completed 200 OK in 634ms (Views: 582.8ms | ActiveRecord: 5.1ms)


Started GET "/cats/1" for ::1 at 2020-12-04 14:54:47 -0500
Processing by CatsController#show as HTML
  Parameters: {"id"=>"1"}
  [1m[36mCat Load (0.2ms)[0m  [1m[34mSELECT  "cats".* FROM "cats" WHERE "cats"."id" = $1 LIMIT $2[0m  [["id", 1], ["LIMIT", 1]]
  ↳ app/controllers/cats_controller.rb:9
  Rendering cats/show.html.erb within layouts/application
  Rendered cats/show.html.erb within layouts/application (0.5ms)
Completed 200 OK in 618ms (Views: 545.6ms | ActiveRecord: 2.8ms)


Started GET "/cats/1" for ::1 at 2020-12-04 15:04:11 -0500
Processing by CatsController#show as HTML
  Parameters: {"id"=>"1"}
  [1m[36mCat Load (0.5ms)[0m  [1m[34mSELECT  "cats".* FROM "cats" WHERE "cats"."id" = $1 LIMIT $2[0m  [["id", 1], ["LIMIT", 1]]
  ↳ app/controllers/cats_controller.rb:9
  Rendering cats/show.html.erb within layouts/application
  Rendered cats/show.html.erb within layouts/application (0.6ms)
Completed 200 OK in 673ms (Views: 613.6ms | ActiveRecord: 6.5ms)


Started GET "/cats/1" for ::1 at 2020-12-04 15:14:20 -0500
Processing by CatsController#show as HTML
  Parameters: {"id"=>"1"}
  [1m[36mCat Load (0.9ms)[0m  [1m[34mSELECT  "cats".* FROM "cats" WHERE "cats"."id" = $1 LIMIT $2[0m  [["id", 1], ["LIMIT", 1]]
  ↳ app/controllers/cats_controller.rb:9
  Rendering cats/show.html.erb within layouts/application
  Rendered cats/show.html.erb within layouts/application (0.5ms)
Completed 200 OK in 593ms (Views: 543.5ms | ActiveRecord: 5.4ms)


Started GET "/cats" for ::1 at 2020-12-04 15:14:30 -0500
Processing by CatsController#index as HTML
  Rendering cats/index.html.erb within layouts/application
  [1m[36mCat Load (0.4ms)[0m  [1m[34mSELECT "cats".* FROM "cats"[0m
  ↳ app/views/cats/index.html.erb:4
  Rendered cats/index.html.erb within layouts/application (9.9ms)
Completed 200 OK in 532ms (Views: 496.4ms | ActiveRecord: 2.4ms)


Started GET "/cats/new" for ::1 at 2020-12-04 15:16:56 -0500
Processing by CatsController#new as HTML
  Rendering cats/new.html.erb within layouts/application
  Rendered cats/new.html.erb within layouts/application (0.5ms)
Completed 200 OK in 498ms (Views: 455.5ms | ActiveRecord: 4.1ms)


Started POST "/cats" for ::1 at 2020-12-04 15:18:25 -0500
Processing by CatsController#create as HTML
  Parameters: {"cat"=>{"name"=>"Garfield", "birth_date"=>"2004-01-04", "color"=>"Orange", "sex"=>"M", "description"=>"Fat Cat"}}
Can't verify CSRF token authenticity.
Completed 422 Unprocessable Entity in 3ms (ActiveRecord: 0.0ms)



ActionController::InvalidAuthenticityToken - ActionController::InvalidAuthenticityToken:

Started POST "/__better_errors/9e7d5a0aed3a82fa/variables" for ::1 at 2020-12-04 15:18:25 -0500
Started POST "/cats" for ::1 at 2020-12-04 15:20:10 -0500

SyntaxError - syntax error, unexpected ':', expecting keyword_end
    skip_before_action: verify_authenticity_token
                      ^:
  app/controllers/application_controller.rb:2:in `'
  app/controllers/cats_controller.rb:1:in `<top (required)>'

Started POST "/__better_errors/6398c0c360ac8960/variables" for ::1 at 2020-12-04 15:20:10 -0500
Started GET "/cats" for ::1 at 2020-12-04 15:22:51 -0500

ActionController::RoutingError - undefined method `protect_from_forger' for ApplicationController:Class
Did you mean?  protect_from_forgery:

Started POST "/__better_errors/56c9f5fb2745af43/variables" for ::1 at 2020-12-04 15:22:52 -0500
Started GET "/cats" for ::1 at 2020-12-04 15:22:58 -0500
Processing by CatsController#index as HTML
  Rendering cats/index.html.erb within layouts/application
  [1m[36mCat Load (0.4ms)[0m  [1m[34mSELECT "cats".* FROM "cats"[0m
  ↳ app/views/cats/index.html.erb:4
  Rendered cats/index.html.erb within layouts/application (9.4ms)
Completed 200 OK in 599ms (Views: 561.1ms | ActiveRecord: 3.4ms)


Started GET "/cats/new" for ::1 at 2020-12-04 15:23:04 -0500
Processing by CatsController#new as HTML
  Rendering cats/new.html.erb within layouts/application
  Rendered cats/new.html.erb within layouts/application (1.5ms)
Completed 200 OK in 524ms (Views: 483.7ms | ActiveRecord: 2.2ms)


Started POST "/cats" for ::1 at 2020-12-04 15:23:19 -0500
Processing by CatsController#create as HTML
  Parameters: {"cat"=>{"name"=>"Garfield", "birth_date"=>"2020-12-03", "color"=>"Orange", "sex"=>"M", "description"=>"Fat cat"}}
Can't verify CSRF token authenticity.
Completed 422 Unprocessable Entity in 1ms (ActiveRecord: 0.0ms)



ActionController::InvalidAuthenticityToken - ActionController::InvalidAuthenticityToken:

Started POST "/__better_errors/95f617e751166133/variables" for ::1 at 2020-12-04 15:23:19 -0500
Started POST "/cats" for ::1 at 2020-12-04 15:24:55 -0500
Processing by CatsController#create as HTML
  Parameters: {"cat"=>{"name"=>"Garfield", "birth_date"=>"2020-12-03", "color"=>"Orange", "sex"=>"M", "description"=>"Fat cat"}}
  [1m[35m (0.4ms)[0m  [1m[35mBEGIN[0m
  ↳ app/controllers/cats_controller.rb:26
  [1m[35m (1.4ms)[0m  [1m[31mROLLBACK[0m
  ↳ app/controllers/cats_controller.rb:26
  Rendering cats/new.html.erb within layouts/application
  Rendered cats/new.html.erb within layouts/application (0.5ms)
Completed 200 OK in 891ms (Views: 616.1ms | ActiveRecord: 8.1ms)


Started GET "/cats" for ::1 at 2020-12-04 15:25:15 -0500
Processing by CatsController#index as HTML
  Rendering cats/index.html.erb within layouts/application
  [1m[36mCat Load (0.3ms)[0m  [1m[34mSELECT "cats".* FROM "cats"[0m
  ↳ app/views/cats/index.html.erb:4
  Rendered cats/index.html.erb within layouts/application (6.9ms)
Completed 200 OK in 536ms (Views: 493.5ms | ActiveRecord: 2.2ms)


Started GET "/cats/1" for ::1 at 2020-12-04 15:25:18 -0500
Processing by CatsController#show as HTML
  Parameters: {"id"=>"1"}
  [1m[36mCat Load (0.4ms)[0m  [1m[34mSELECT  "cats".* FROM "cats" WHERE "cats"."id" = $1 LIMIT $2[0m  [["id", 1], ["LIMIT", 1]]
  ↳ app/controllers/cats_controller.rb:9
  Rendering cats/show.html.erb within layouts/application
  Rendered cats/show.html.erb within layouts/application (0.4ms)
Completed 200 OK in 574ms (Views: 540.9ms | ActiveRecord: 2.8ms)


Started GET "/cats/new" for ::1 at 2020-12-04 15:25:26 -0500
Processing by CatsController#new as HTML
  Rendering cats/new.html.erb within layouts/application
  Rendered cats/new.html.erb within layouts/application (0.5ms)
Completed 200 OK in 514ms (Views: 482.9ms | ActiveRecord: 2.2ms)


Started POST "/cats" for ::1 at 2020-12-04 15:25:38 -0500
Processing by CatsController#create as HTML
  Parameters: {"cat"=>{"name"=>"Garfield", "birth_date"=>"2020-12-03", "color"=>"Orange", "sex"=>"M", "description"=>"fat"}}
  [1m[35m (0.1ms)[0m  [1m[35mBEGIN[0m
  ↳ app/controllers/cats_controller.rb:26
  [1m[35m (0.4ms)[0m  [1m[31mROLLBACK[0m
  ↳ app/controllers/cats_controller.rb:26
  Rendering cats/new.html.erb within layouts/application
  Rendered cats/new.html.erb within layouts/application (0.5ms)
Completed 200 OK in 552ms (Views: 504.9ms | ActiveRecord: 2.9ms)


Started GET "/cats" for ::1 at 2020-12-04 15:28:58 -0500
Processing by CatsController#index as HTML
  Rendering cats/index.html.erb within layouts/application
  [1m[36mCat Load (0.4ms)[0m  [1m[34mSELECT "cats".* FROM "cats"[0m
  ↳ app/views/cats/index.html.erb:4
  Rendered cats/index.html.erb within layouts/application (8.1ms)
Completed 200 OK in 543ms (Views: 506.3ms | ActiveRecord: 2.5ms)


Started GET "/cats/new" for ::1 at 2020-12-04 15:29:06 -0500
Processing by CatsController#new as HTML
  Rendering cats/new.html.erb within layouts/application
  Rendered cats/new.html.erb within layouts/application (0.7ms)
Completed 200 OK in 573ms (Views: 541.3ms | ActiveRecord: 2.2ms)


Started POST "/cats" for ::1 at 2020-12-04 15:29:18 -0500
Processing by CatsController#create as HTML
  Parameters: {"cat"=>{"name"=>"Garfield", "birth_date"=>"2020-12-03", "color"=>"orange", "sex"=>"M", "description"=>"fat"}}
  [1m[35m (0.3ms)[0m  [1m[35mBEGIN[0m
  ↳ app/controllers/cats_controller.rb:26
  [1m[36mCat Create (2.4ms)[0m  [1m[32mINSERT INTO "cats" ("birth_date", "color", "name", "sex", "description", "created_at", "updated_at") VALUES ($1, $2, $3, $4, $5, $6, $7) RETURNING "id"[0m  [["birth_date", "2020-12-03"], ["color", "orange"], ["name", "Garfield"], ["sex", "M"], ["description", "fat"], ["created_at", "2020-12-04 20:29:18.934463"], ["updated_at", "2020-12-04 20:29:18.934463"]]
  ↳ app/controllers/cats_controller.rb:26
  [1m[35m (3.7ms)[0m  [1m[35mCOMMIT[0m
  ↳ app/controllers/cats_controller.rb:26
Redirected to http://localhost:3000/cats/2
Completed 302 Found in 52ms (ActiveRecord: 8.7ms)


Started GET "/cats/2" for ::1 at 2020-12-04 15:29:19 -0500
Processing by CatsController#show as HTML
  Parameters: {"id"=>"2"}
  [1m[36mCat Load (0.3ms)[0m  [1m[34mSELECT  "cats".* FROM "cats" WHERE "cats"."id" = $1 LIMIT $2[0m  [["id", 2], ["LIMIT", 1]]
  ↳ app/controllers/cats_controller.rb:9
  Rendering cats/show.html.erb within layouts/application
  Rendered cats/show.html.erb within layouts/application (0.9ms)
Completed 200 OK in 697ms (Views: 649.4ms | ActiveRecord: 2.9ms)


Started GET "/cats/2" for ::1 at 2020-12-04 15:41:36 -0500
Processing by CatsController#show as HTML
  Parameters: {"id"=>"2"}
  [1m[36mCat Load (0.4ms)[0m  [1m[34mSELECT  "cats".* FROM "cats" WHERE "cats"."id" = $1 LIMIT $2[0m  [["id", 2], ["LIMIT", 1]]
  ↳ app/controllers/cats_controller.rb:9
  Rendering cats/show.html.erb within layouts/application
  Rendered cats/show.html.erb within layouts/application (0.7ms)
Completed 200 OK in 578ms (Views: 505.7ms | ActiveRecord: 5.4ms)


Started GET "/cats/edit" for ::1 at 2020-12-04 15:41:48 -0500
Processing by CatsController#show as HTML
  Parameters: {"id"=>"edit"}
  [1m[36mCat Load (0.3ms)[0m  [1m[34mSELECT  "cats".* FROM "cats" WHERE "cats"."id" = $1 LIMIT $2[0m  [["id", 0], ["LIMIT", 1]]
  ↳ app/controllers/cats_controller.rb:9
Redirected to http://localhost:3000/cats
Completed 302 Found in 42ms (ActiveRecord: 1.7ms)


Started GET "/cats" for ::1 at 2020-12-04 15:41:48 -0500
Processing by CatsController#index as HTML
  Rendering cats/index.html.erb within layouts/application
  [1m[36mCat Load (0.4ms)[0m  [1m[34mSELECT "cats".* FROM "cats"[0m
  ↳ app/views/cats/index.html.erb:4
  Rendered cats/index.html.erb within layouts/application (7.9ms)
Completed 200 OK in 540ms (Views: 510.5ms | ActiveRecord: 2.6ms)


Started GET "/cats/edit" for ::1 at 2020-12-04 15:41:59 -0500
Processing by CatsController#show as HTML
  Parameters: {"id"=>"edit"}
  [1m[36mCat Load (1.4ms)[0m  [1m[34mSELECT  "cats".* FROM "cats" WHERE "cats"."id" = $1 LIMIT $2[0m  [["id", 0], ["LIMIT", 1]]
  ↳ app/controllers/cats_controller.rb:9
Redirected to http://localhost:3000/cats
Completed 302 Found in 34ms (ActiveRecord: 2.7ms)


Started GET "/cats" for ::1 at 2020-12-04 15:41:59 -0500
Processing by CatsController#index as HTML
  Rendering cats/index.html.erb within layouts/application
  [1m[36mCat Load (0.4ms)[0m  [1m[34mSELECT "cats".* FROM "cats"[0m
  ↳ app/views/cats/index.html.erb:4
  Rendered cats/index.html.erb within layouts/application (7.6ms)
Completed 200 OK in 533ms (Views: 499.5ms | ActiveRecord: 2.3ms)


Started GET "/cats/edit/2" for ::1 at 2020-12-04 15:42:15 -0500
  
ActionController::RoutingError (No route matches [GET] "/cats/edit/2"):
  
actionpack (5.2.4.4) lib/action_dispatch/middleware/debug_exceptions.rb:65:in `call'
web-console (3.7.0) lib/web_console/middleware.rb:135:in `call_app'
web-console (3.7.0) lib/web_console/middleware.rb:30:in `block in call'
web-console (3.7.0) lib/web_console/middleware.rb:20:in `catch'
web-console (3.7.0) lib/web_console/middleware.rb:20:in `call'
actionpack (5.2.4.4) lib/action_dispatch/middleware/show_exceptions.rb:33:in `call'
railties (5.2.4.4) lib/rails/rack/logger.rb:38:in `call_app'
railties (5.2.4.4) lib/rails/rack/logger.rb:26:in `block in call'
activesupport (5.2.4.4) lib/active_support/tagged_logging.rb:71:in `block in tagged'
activesupport (5.2.4.4) lib/active_support/tagged_logging.rb:28:in `tagged'
activesupport (5.2.4.4) lib/active_support/tagged_logging.rb:71:in `tagged'
railties (5.2.4.4) lib/rails/rack/logger.rb:26:in `call'
sprockets-rails (3.2.2) lib/sprockets/rails/quiet_assets.rb:13:in `call'
actionpack (5.2.4.4) lib/action_dispatch/middleware/remote_ip.rb:81:in `call'
actionpack (5.2.4.4) lib/action_dispatch/middleware/request_id.rb:27:in `call'
rack (2.2.3) lib/rack/method_override.rb:24:in `call'
rack (2.2.3) lib/rack/runtime.rb:22:in `call'
activesupport (5.2.4.4) lib/active_support/cache/strategy/local_cache_middleware.rb:29:in `call'
actionpack (5.2.4.4) lib/action_dispatch/middleware/executor.rb:14:in `call'
actionpack (5.2.4.4) lib/action_dispatch/middleware/static.rb:127:in `call'
rack (2.2.3) lib/rack/sendfile.rb:110:in `call'
railties (5.2.4.4) lib/rails/engine.rb:524:in `call'
puma (3.12.6) lib/puma/configuration.rb:227:in `call'
puma (3.12.6) lib/puma/server.rb:706:in `handle_request'
puma (3.12.6) lib/puma/server.rb:476:in `process_client'
puma (3.12.6) lib/puma/server.rb:334:in `block in run'
puma (3.12.6) lib/puma/thread_pool.rb:135:in `block in spawn_thread'
Started GET "/cats/2/edit" for ::1 at 2020-12-04 15:42:27 -0500
Processing by CatsController#edit as HTML
  Parameters: {"id"=>"2"}
  [1m[36mCat Load (0.3ms)[0m  [1m[34mSELECT  "cats".* FROM "cats" WHERE "cats"."id" = $1 LIMIT $2[0m  [["id", 2], ["LIMIT", 1]]
  ↳ app/controllers/cats_controller.rb:34
  Rendering cats/edit.html.erb within layouts/application
  Rendered cats/edit.html.erb within layouts/application (0.7ms)
Completed 200 OK in 520ms (Views: 478.1ms | ActiveRecord: 2.8ms)


Started PATCH "/cats/2" for ::1 at 2020-12-04 15:43:01 -0500
Processing by CatsController#update as HTML
  Parameters: {"cat"=>{"name"=>"Garfield with sex change", "birth_date"=>"2020-12-02", "color"=>"black", "sex"=>"F", "description"=>"fat lady\r\n    "}, "id"=>"2"}
  [1m[36mCat Load (0.3ms)[0m  [1m[34mSELECT  "cats".* FROM "cats" WHERE "cats"."id" = $1 LIMIT $2[0m  [["id", 2], ["LIMIT", 1]]
  ↳ app/controllers/cats_controller.rb:39
  [1m[35m (0.2ms)[0m  [1m[35mBEGIN[0m
  ↳ app/controllers/cats_controller.rb:41
  [1m[36mCat Update (1.7ms)[0m  [1m[33mUPDATE "cats" SET "name" = $1, "birth_date" = $2, "color" = $3, "sex" = $4, "description" = $5, "updated_at" = $6 WHERE "cats"."id" = $7[0m  [["name", "Garfield with sex change"], ["birth_date", "2020-12-02"], ["color", "black"], ["sex", "F"], ["description", "fat lady\r\n    "], ["updated_at", "2020-12-04 20:43:01.815350"], ["id", 2]]
  ↳ app/controllers/cats_controller.rb:41
  [1m[35m (2.9ms)[0m  [1m[35mCOMMIT[0m
  ↳ app/controllers/cats_controller.rb:41
Redirected to http://localhost:3000/cats/2
Completed 302 Found in 45ms (ActiveRecord: 8.2ms)


Started GET "/cats/2" for ::1 at 2020-12-04 15:43:01 -0500
Processing by CatsController#show as HTML
  Parameters: {"id"=>"2"}
  [1m[36mCat Load (0.3ms)[0m  [1m[34mSELECT  "cats".* FROM "cats" WHERE "cats"."id" = $1 LIMIT $2[0m  [["id", 2], ["LIMIT", 1]]
  ↳ app/controllers/cats_controller.rb:9
  Rendering cats/show.html.erb within layouts/application
  Rendered cats/show.html.erb within layouts/application (0.6ms)
Completed 200 OK in 513ms (Views: 478.7ms | ActiveRecord: 2.7ms)


Started GET "/cats/2/edit" for ::1 at 2020-12-04 15:44:05 -0500
Processing by CatsController#edit as HTML
  Parameters: {"id"=>"2"}
  [1m[36mCat Load (0.2ms)[0m  [1m[34mSELECT  "cats".* FROM "cats" WHERE "cats"."id" = $1 LIMIT $2[0m  [["id", 2], ["LIMIT", 1]]
  ↳ app/controllers/cats_controller.rb:34
  Rendering cats/edit.html.erb within layouts/application
  Rendered cats/edit.html.erb within layouts/application (0.7ms)
Completed 200 OK in 518ms (Views: 479.5ms | ActiveRecord: 4.3ms)


Started PATCH "/cats/2" for ::1 at 2020-12-04 15:45:30 -0500
Processing by CatsController#update as HTML
  Parameters: {"cat"=>{"name"=>"Garfield with sex change", "birth_date"=>"2020-12-02", "color"=>"black", "description"=>"        fat lady\r\n    \r\n    "}, "id"=>"2"}
  [1m[36mCat Load (0.3ms)[0m  [1m[34mSELECT  "cats".* FROM "cats" WHERE "cats"."id" = $1 LIMIT $2[0m  [["id", 2], ["LIMIT", 1]]
  ↳ app/controllers/cats_controller.rb:39
  [1m[35m (0.4ms)[0m  [1m[35mBEGIN[0m
  ↳ app/controllers/cats_controller.rb:41
  [1m[36mCat Update (2.4ms)[0m  [1m[33mUPDATE "cats" SET "description" = $1, "updated_at" = $2 WHERE "cats"."id" = $3[0m  [["description", "        fat lady\r\n    \r\n    "], ["updated_at", "2020-12-04 20:45:30.410016"], ["id", 2]]
  ↳ app/controllers/cats_controller.rb:41
  [1m[35m (3.1ms)[0m  [1m[35mCOMMIT[0m
  ↳ app/controllers/cats_controller.rb:41
Redirected to http://localhost:3000/cats/2
Completed 302 Found in 54ms (ActiveRecord: 13.7ms)


Started GET "/cats/2" for ::1 at 2020-12-04 15:45:30 -0500
Processing by CatsController#show as HTML
  Parameters: {"id"=>"2"}
  [1m[36mCat Load (0.2ms)[0m  [1m[34mSELECT  "cats".* FROM "cats" WHERE "cats"."id" = $1 LIMIT $2[0m  [["id", 2], ["LIMIT", 1]]
  ↳ app/controllers/cats_controller.rb:9
  Rendering cats/show.html.erb within layouts/application
  Rendered cats/show.html.erb within layouts/application (0.5ms)
Completed 200 OK in 623ms (Views: 516.2ms | ActiveRecord: 2.5ms)


Started GET "/cats/2/edit" for ::1 at 2020-12-04 15:45:39 -0500
Processing by CatsController#edit as HTML
  Parameters: {"id"=>"2"}
  [1m[36mCat Load (0.9ms)[0m  [1m[34mSELECT  "cats".* FROM "cats" WHERE "cats"."id" = $1 LIMIT $2[0m  [["id", 2], ["LIMIT", 1]]
  ↳ app/controllers/cats_controller.rb:34
  Rendering cats/edit.html.erb within layouts/application
  Rendered cats/edit.html.erb within layouts/application (0.8ms)
Completed 200 OK in 585ms (Views: 541.2ms | ActiveRecord: 6.0ms)


Started PATCH "/cats/2" for ::1 at 2020-12-04 15:45:46 -0500
Processing by CatsController#update as HTML
  Parameters: {"cat"=>{"name"=>"Garfield with sex change", "birth_date"=>"2020-12-02", "color"=>"black", "sex"=>"M", "description"=>"                fat lady\r\n    \r\n    \r\n    "}, "id"=>"2"}
  [1m[36mCat Load (0.3ms)[0m  [1m[34mSELECT  "cats".* FROM "cats" WHERE "cats"."id" = $1 LIMIT $2[0m  [["id", 2], ["LIMIT", 1]]
  ↳ app/controllers/cats_controller.rb:39
  [1m[35m (0.3ms)[0m  [1m[35mBEGIN[0m
  ↳ app/controllers/cats_controller.rb:41
  [1m[36mCat Update (0.4ms)[0m  [1m[33mUPDATE "cats" SET "sex" = $1, "description" = $2, "updated_at" = $3 WHERE "cats"."id" = $4[0m  [["sex", "M"], ["description", "                fat lady\r\n    \r\n    \r\n    "], ["updated_at", "2020-12-04 20:45:46.363225"], ["id", 2]]
  ↳ app/controllers/cats_controller.rb:41
  [1m[35m (4.0ms)[0m  [1m[35mCOMMIT[0m
  ↳ app/controllers/cats_controller.rb:41
Redirected to http://localhost:3000/cats/2
Completed 302 Found in 56ms (ActiveRecord: 7.6ms)


Started GET "/cats/2" for ::1 at 2020-12-04 15:45:46 -0500
Processing by CatsController#show as HTML
  Parameters: {"id"=>"2"}
  [1m[36mCat Load (0.4ms)[0m  [1m[34mSELECT  "cats".* FROM "cats" WHERE "cats"."id" = $1 LIMIT $2[0m  [["id", 2], ["LIMIT", 1]]
  ↳ app/controllers/cats_controller.rb:9
  Rendering cats/show.html.erb within layouts/application
  Rendered cats/show.html.erb within layouts/application (0.6ms)
Completed 200 OK in 631ms (Views: 584.1ms | ActiveRecord: 3.3ms)


Started GET "/cats/2/edit" for ::1 at 2020-12-04 15:55:42 -0500
Processing by CatsController#edit as HTML
  Parameters: {"id"=>"2"}
  [1m[36mCat Load (0.3ms)[0m  [1m[34mSELECT  "cats".* FROM "cats" WHERE "cats"."id" = $1 LIMIT $2[0m  [["id", 2], ["LIMIT", 1]]
  ↳ app/controllers/cats_controller.rb:34
  Rendering cats/edit.html.erb within layouts/application
  Rendered cats/edit.html.erb within layouts/application (0.8ms)
Completed 200 OK in 419ms (Views: 385.3ms | ActiveRecord: 3.9ms)


Started PATCH "/cats/2" for ::1 at 2020-12-04 15:55:47 -0500
Processing by CatsController#update as HTML
  Parameters: {"cat"=>{"name"=>"Garfield with sex change", "birth_date"=>"2020-12-02", "color"=>"black", "sex"=>"F", "description"=>"                        fat lady\r\n    \r\n    \r\n    \r\n    "}, "id"=>"2"}
  [1m[36mCat Load (0.3ms)[0m  [1m[34mSELECT  "cats".* FROM "cats" WHERE "cats"."id" = $1 LIMIT $2[0m  [["id", 2], ["LIMIT", 1]]
  ↳ app/controllers/cats_controller.rb:39
  [1m[35m (0.2ms)[0m  [1m[35mBEGIN[0m
  ↳ app/controllers/cats_controller.rb:41
  [1m[36mCat Update (0.3ms)[0m  [1m[33mUPDATE "cats" SET "sex" = $1, "description" = $2, "updated_at" = $3 WHERE "cats"."id" = $4[0m  [["sex", "F"], ["description", "                        fat lady\r\n    \r\n    \r\n    \r\n    "], ["updated_at", "2020-12-04 20:55:47.313002"], ["id", 2]]
  ↳ app/controllers/cats_controller.rb:41
  [1m[35m (3.0ms)[0m  [1m[35mCOMMIT[0m
  ↳ app/controllers/cats_controller.rb:41
Redirected to http://localhost:3000/cats/2
Completed 302 Found in 39ms (ActiveRecord: 6.4ms)


Started GET "/cats/2" for ::1 at 2020-12-04 15:55:47 -0500
Processing by CatsController#show as HTML
  Parameters: {"id"=>"2"}
  [1m[36mCat Load (0.3ms)[0m  [1m[34mSELECT  "cats".* FROM "cats" WHERE "cats"."id" = $1 LIMIT $2[0m  [["id", 2], ["LIMIT", 1]]
  ↳ app/controllers/cats_controller.rb:9
  Rendering cats/show.html.erb within layouts/application
  Rendered cats/show.html.erb within layouts/application (0.5ms)
Completed 200 OK in 428ms (Views: 395.6ms | ActiveRecord: 2.8ms)


Started PATCH "/cats/2" for ::1 at 2020-12-04 16:21:56 -0500
Processing by CatsController#update as HTML
  Parameters: {"cat"=>{"name"=>"Garfield with sex change", "birth_date"=>"2020-12-02", "color"=>"black", "sex"=>"F", "description"=>"                        fat lady\r\n    \r\n    \r\n    \r\n    "}, "id"=>"2"}
  [1m[36mCat Load (0.5ms)[0m  [1m[34mSELECT  "cats".* FROM "cats" WHERE "cats"."id" = $1 LIMIT $2[0m  [["id", 2], ["LIMIT", 1]]
  ↳ app/controllers/cats_controller.rb:39
  [1m[35m (1.1ms)[0m  [1m[35mBEGIN[0m
  ↳ app/controllers/cats_controller.rb:41
  [1m[35m (0.4ms)[0m  [1m[35mCOMMIT[0m
  ↳ app/controllers/cats_controller.rb:41
Redirected to http://localhost:3000/cats/2
Completed 302 Found in 131ms (ActiveRecord: 9.4ms)


Started GET "/cats/2" for ::1 at 2020-12-04 16:21:57 -0500
Processing by CatsController#show as HTML
  Parameters: {"id"=>"2"}
  [1m[36mCat Load (0.5ms)[0m  [1m[34mSELECT  "cats".* FROM "cats" WHERE "cats"."id" = $1 LIMIT $2[0m  [["id", 2], ["LIMIT", 1]]
  ↳ app/controllers/cats_controller.rb:9
  Rendering cats/show.html.erb within layouts/application
  Rendered cats/show.html.erb within layouts/application (5.6ms)
Completed 200 OK in 691ms (Views: 623.0ms | ActiveRecord: 3.9ms)


Started GET "/cats" for ::1 at 2020-12-04 16:22:16 -0500
Processing by CatsController#index as HTML
  Rendering cats/index.html.erb within layouts/application
  [1m[36mCat Load (0.4ms)[0m  [1m[34mSELECT "cats".* FROM "cats"[0m
  ↳ app/views/cats/index.html.erb:4
  Rendered cats/index.html.erb within layouts/application (17.4ms)
Completed 200 OK in 653ms (Views: 608.6ms | ActiveRecord: 2.6ms)


Started GET "/cats/new" for ::1 at 2020-12-04 16:22:27 -0500
Processing by CatsController#new as HTML
  Rendering cats/new.html.erb within layouts/application
  Rendered cats/new.html.erb within layouts/application (0.8ms)
Completed 200 OK in 567ms (Views: 527.7ms | ActiveRecord: 2.5ms)


Started POST "/cats" for ::1 at 2020-12-04 16:22:44 -0500
Processing by CatsController#create as HTML
  Parameters: {"cat"=>{"name"=>"Bob", "birth_date"=>"2020-12-01", "color"=>"white", "sex"=>"M", "description"=>"bob the cat"}}
  [1m[35m (0.1ms)[0m  [1m[35mBEGIN[0m
  ↳ app/controllers/cats_controller.rb:26
  [1m[36mCat Create (1.8ms)[0m  [1m[32mINSERT INTO "cats" ("birth_date", "color", "name", "sex", "description", "created_at", "updated_at") VALUES ($1, $2, $3, $4, $5, $6, $7) RETURNING "id"[0m  [["birth_date", "2020-12-01"], ["color", "white"], ["name", "Bob"], ["sex", "M"], ["description", "bob the cat"], ["created_at", "2020-12-04 21:22:45.134113"], ["updated_at", "2020-12-04 21:22:45.134113"]]
  ↳ app/controllers/cats_controller.rb:26
  [1m[35m (3.4ms)[0m  [1m[35mCOMMIT[0m
  ↳ app/controllers/cats_controller.rb:26
Redirected to http://localhost:3000/cats/3
Completed 302 Found in 46ms (ActiveRecord: 7.8ms)


Started GET "/cats/3" for ::1 at 2020-12-04 16:22:45 -0500
Processing by CatsController#show as HTML
  Parameters: {"id"=>"3"}
  [1m[36mCat Load (0.3ms)[0m  [1m[34mSELECT  "cats".* FROM "cats" WHERE "cats"."id" = $1 LIMIT $2[0m  [["id", 3], ["LIMIT", 1]]
  ↳ app/controllers/cats_controller.rb:9
  Rendering cats/show.html.erb within layouts/application
  Rendered cats/show.html.erb within layouts/application (0.5ms)
Completed 200 OK in 545ms (Views: 501.8ms | ActiveRecord: 3.0ms)


Started GET "/cats" for ::1 at 2020-12-04 16:22:58 -0500
Processing by CatsController#index as HTML
  Rendering cats/index.html.erb within layouts/application
  [1m[36mCat Load (0.4ms)[0m  [1m[34mSELECT "cats".* FROM "cats"[0m
  ↳ app/views/cats/index.html.erb:4
  Rendered cats/index.html.erb within layouts/application (8.7ms)
Completed 200 OK in 532ms (Views: 501.6ms | ActiveRecord: 2.7ms)


Started GET "/cats/3" for ::1 at 2020-12-04 16:23:09 -0500
Processing by CatsController#show as HTML
  Parameters: {"id"=>"3"}
  [1m[36mCat Load (0.2ms)[0m  [1m[34mSELECT  "cats".* FROM "cats" WHERE "cats"."id" = $1 LIMIT $2[0m  [["id", 3], ["LIMIT", 1]]
  ↳ app/controllers/cats_controller.rb:9
  Rendering cats/show.html.erb within layouts/application
  Rendered cats/show.html.erb within layouts/application (0.6ms)
Completed 200 OK in 553ms (Views: 503.3ms | ActiveRecord: 2.4ms)


Started GET "/cats/2" for ::1 at 2020-12-04 16:23:12 -0500
Processing by CatsController#show as HTML
  Parameters: {"id"=>"2"}
  [1m[36mCat Load (0.3ms)[0m  [1m[34mSELECT  "cats".* FROM "cats" WHERE "cats"."id" = $1 LIMIT $2[0m  [["id", 2], ["LIMIT", 1]]
  ↳ app/controllers/cats_controller.rb:9
  Rendering cats/show.html.erb within layouts/application
  Rendered cats/show.html.erb within layouts/application (0.5ms)
Completed 200 OK in 578ms (Views: 533.1ms | ActiveRecord: 2.7ms)


Started GET "/cats/1" for ::1 at 2020-12-04 16:23:14 -0500
Processing by CatsController#show as HTML
  Parameters: {"id"=>"1"}
  [1m[36mCat Load (0.5ms)[0m  [1m[34mSELECT  "cats".* FROM "cats" WHERE "cats"."id" = $1 LIMIT $2[0m  [["id", 1], ["LIMIT", 1]]
  ↳ app/controllers/cats_controller.rb:9
  Rendering cats/show.html.erb within layouts/application
  Rendered cats/show.html.erb within layouts/application (0.5ms)
Completed 200 OK in 650ms (Views: 603.0ms | ActiveRecord: 4.0ms)


  [1m[35m (0.7ms)[0m  [1m[34mSELECT pg_try_advisory_lock(723150122408807205)[0m
  ↳ bin/rails:9
  [1m[35m (0.7ms)[0m  [1m[34mSELECT "schema_migrations"."version" FROM "schema_migrations" ORDER BY "schema_migrations"."version" ASC[0m
  ↳ bin/rails:9
Migrating to CreateCatRentalRequest (20201204213415)
  [1m[35m (0.3ms)[0m  [1m[35mBEGIN[0m
  ↳ bin/rails:9
  [1m[35m (42.9ms)[0m  [1m[35mCREATE TABLE "cat_rental_requests" ("id" bigserial primary key, "cat_id" integer NOT NULL, "start_date" date NOT NULL, "end_date" date NOT NULL, "status" character varying DEFAULT 'PENDING' NOT NULL)[0m
  ↳ db/migrate/20201204213415_create_cat_rental_request.rb:3
  [1m[36mActiveRecord::SchemaMigration Create (0.4ms)[0m  [1m[32mINSERT INTO "schema_migrations" ("version") VALUES ($1) RETURNING "version"[0m  [["version", "20201204213415"]]
  ↳ bin/rails:9
  [1m[35m (4.9ms)[0m  [1m[35mCOMMIT[0m
  ↳ bin/rails:9
  [1m[36mActiveRecord::InternalMetadata Load (1.2ms)[0m  [1m[34mSELECT  "ar_internal_metadata".* FROM "ar_internal_metadata" WHERE "ar_internal_metadata"."key" = $1 LIMIT $2[0m  [["key", "environment"], ["LIMIT", 1]]
  ↳ bin/rails:9
  [1m[35m (0.2ms)[0m  [1m[35mBEGIN[0m
  ↳ bin/rails:9
  [1m[35m (0.2ms)[0m  [1m[35mCOMMIT[0m
  ↳ bin/rails:9
  [1m[35m (0.5ms)[0m  [1m[34mSELECT pg_advisory_unlock(723150122408807205)[0m
  ↳ bin/rails:9
  [1m[35m (0.3ms)[0m  [1m[34mSELECT "schema_migrations"."version" FROM "schema_migrations" ORDER BY "schema_migrations"."version" ASC[0m
  ↳ bin/rails:9
  [1m[35m (0.2ms)[0m  [1m[34mSELECT pg_try_advisory_lock(723150122408807205)[0m
  ↳ bin/rails:9
  [1m[35m (0.8ms)[0m  [1m[34mSELECT "schema_migrations"."version" FROM "schema_migrations" ORDER BY "schema_migrations"."version" ASC[0m
  ↳ bin/rails:9
Migrating to EditCatRentalRequest (20201204214045)
  [1m[35m (0.2ms)[0m  [1m[35mBEGIN[0m
  ↳ bin/rails:9
  [1m[35m (7.3ms)[0m  [1m[35mCREATE  INDEX  "index_cat_rental_requests_on_cat_id" ON "cat_rental_requests"  ("cat_id")[0m
  ↳ db/migrate/20201204214045_edit_cat_rental_request.rb:3
  [1m[36mActiveRecord::SchemaMigration Create (0.4ms)[0m  [1m[32mINSERT INTO "schema_migrations" ("version") VALUES ($1) RETURNING "version"[0m  [["version", "20201204214045"]]
  ↳ bin/rails:9
  [1m[35m (4.9ms)[0m  [1m[35mCOMMIT[0m
  ↳ bin/rails:9
  [1m[36mActiveRecord::InternalMetadata Load (0.3ms)[0m  [1m[34mSELECT  "ar_internal_metadata".* FROM "ar_internal_metadata" WHERE "ar_internal_metadata"."key" = $1 LIMIT $2[0m  [["key", "environment"], ["LIMIT", 1]]
  ↳ bin/rails:9
  [1m[35m (0.1ms)[0m  [1m[35mBEGIN[0m
  ↳ bin/rails:9
  [1m[35m (0.2ms)[0m  [1m[35mCOMMIT[0m
  ↳ bin/rails:9
  [1m[35m (0.2ms)[0m  [1m[34mSELECT pg_advisory_unlock(723150122408807205)[0m
  ↳ bin/rails:9
  [1m[35m (1.1ms)[0m  [1m[34mSELECT "schema_migrations"."version" FROM "schema_migrations" ORDER BY "schema_migrations"."version" ASC[0m
  ↳ bin/rails:9
Started GET "/cats" for ::1 at 2020-12-04 16:48:53 -0500
  [1m[35m (0.7ms)[0m  [1m[34mSELECT "schema_migrations"."version" FROM "schema_migrations" ORDER BY "schema_migrations"."version" ASC[0m
  ↳ /home/dsuh/.rbenv/versions/2.5.1/lib/ruby/gems/2.5.0/gems/activerecord-5.2.4.4/lib/active_record/log_subscriber.rb:98
Processing by CatsController#index as HTML
  Rendering cats/index.html.erb within layouts/application
  [1m[36mCat Load (0.7ms)[0m  [1m[34mSELECT "cats".* FROM "cats"[0m
  ↳ app/views/cats/index.html.erb:4
  Rendered cats/index.html.erb within layouts/application (14.5ms)
Completed 200 OK in 1825ms (Views: 1767.3ms | ActiveRecord: 4.7ms)


Started GET "/cats/2" for ::1 at 2020-12-04 16:48:57 -0500
Processing by CatsController#show as HTML
  Parameters: {"id"=>"2"}
  [1m[36mCat Load (1.1ms)[0m  [1m[34mSELECT  "cats".* FROM "cats" WHERE "cats"."id" = $1 LIMIT $2[0m  [["id", 2], ["LIMIT", 1]]
  ↳ app/controllers/cats_controller.rb:9
  Rendering cats/show.html.erb within layouts/application
  Rendered cats/show.html.erb within layouts/application (0.7ms)
Completed 200 OK in 699ms (Views: 595.2ms | ActiveRecord: 7.5ms)


  [1m[36mCat Load (0.4ms)[0m  [1m[34mSELECT  "cats".* FROM "cats" WHERE "cats"."id" = $1 LIMIT $2[0m  [["id", 1], ["LIMIT", 1]]
  [1m[35m (0.5ms)[0m  [1m[34mSELECT "schema_migrations"."version" FROM "schema_migrations" ORDER BY "schema_migrations"."version" ASC[0m
  ↳ bin/rails:9
  [1m[35m (0.8ms)[0m  [1m[35mBEGIN[0m
  ↳ db/seeds.rb:8
  [1m[36mCat Destroy (0.6ms)[0m  [1m[31mDELETE FROM "cats"[0m
  ↳ db/seeds.rb:9
  [1m[36mCatRentalRequest Destroy (0.6ms)[0m  [1m[31mDELETE FROM "cat_rental_requests"[0m
  ↳ db/seeds.rb:10
  [1m[36mCat Create (0.5ms)[0m  [1m[32mINSERT INTO "cats" ("birth_date", "color", "name", "sex", "description", "created_at", "updated_at") VALUES ($1, $2, $3, $4, $5, $6, $7) RETURNING "id"[0m  [["birth_date", "2020-12-01"], ["color", "black"], ["name", "Salem"], ["sex", "M"], ["description", "Sabrina the Teenage Witch's cat"], ["created_at", "2020-12-04 22:05:25.219359"], ["updated_at", "2020-12-04 22:05:25.219359"]]
  ↳ db/seeds.rb:12
  [1m[36mCat Load (0.3ms)[0m  [1m[34mSELECT  "cats".* FROM "cats" WHERE "cats"."id" = $1 LIMIT $2[0m  [["id", 4], ["LIMIT", 1]]
  ↳ db/seeds.rb:20
  [1m[36mCatRentalRequest Create (0.7ms)[0m  [1m[32mINSERT INTO "cat_rental_requests" ("cat_id", "start_date", "end_date") VALUES ($1, $2, $3) RETURNING "id"[0m  [["cat_id", 4], ["start_date", "2020-12-02"], ["end_date", "2020-12-03"]]
  ↳ db/seeds.rb:20
  [1m[36mCat Load (0.2ms)[0m  [1m[34mSELECT  "cats".* FROM "cats" WHERE "cats"."id" = $1 LIMIT $2[0m  [["id", 4], ["LIMIT", 1]]
  ↳ db/seeds.rb:25
  [1m[36mCatRentalRequest Create (0.3ms)[0m  [1m[32mINSERT INTO "cat_rental_requests" ("cat_id", "start_date", "end_date") VALUES ($1, $2, $3) RETURNING "id"[0m  [["cat_id", 4], ["start_date", "2020-12-02"], ["end_date", "2020-12-03"]]
  ↳ db/seeds.rb:25
  [1m[35m (2.9ms)[0m  [1m[35mCOMMIT[0m
  ↳ db/seeds.rb:8
  [1m[36mCatRentalRequest Load (0.3ms)[0m  [1m[34mSELECT "cat_rental_requests".* FROM "cat_rental_requests"[0m
  [1m[36mCatRentalRequest Load (9.4ms)[0m  [1m[34mSELECT cat_rental_requests.* FROM "cat_rental_requests" INNER JOIN "cats" ON "cats"."id" = "cat_rental_requests"."cat_id" GROUP BY cats.id HAVING (COUNT(cat_rental_requests.id) > 1)[0m
  [1m[36mCatRentalRequest Load (0.8ms)[0m  [1m[34mSELECT  cat_rental_requests.* FROM "cat_rental_requests" INNER JOIN "cats" ON "cats"."id" = "cat_rental_requests"."cat_id" GROUP BY cats.id HAVING (COUNT(cat_rental_requests.id) > 1) LIMIT $1[0m  [["LIMIT", 11]]
  [1m[36mCatRentalRequest Load (1.3ms)[0m  [1m[34mSELECT cat_rental_requests.* FROM "cat_rental_requests"[0m
  [1m[36mCatRentalRequest Load (0.6ms)[0m  [1m[34mSELECT cat_rental_requests.* FROM "cat_rental_requests" INNER JOIN "cats" ON "cats"."id" = "cat_rental_requests"."cat_id"[0m
Started GET "/" for ::1 at 2020-12-04 22:01:14 -0500
Started GET "/cats" for ::1 at 2020-12-04 22:01:14 -0500
Started GET "/" for ::1 at 2020-12-04 22:01:14 -0500

ActiveRecord::NoDatabaseError - FATAL:  database "ninety_nine_cats_development" does not exist:


ActiveRecord::NoDatabaseError - FATAL:  database "ninety_nine_cats_development" does not exist:


ActiveRecord::NoDatabaseError - FATAL:  database "ninety_nine_cats_development" does not exist:

Started POST "/__better_errors/44a997075698b17a/variables" for ::1 at 2020-12-04 22:01:17 -0500
  [1m[35m (770.3ms)[0m  [1m[35mCREATE DATABASE "ninety_nine_cats_development" ENCODING = 'unicode'[0m
  ↳ bin/rails:9
  [1m[35m (1174.7ms)[0m  [1m[35mCREATE DATABASE "ninety_nine_cats_test" ENCODING = 'unicode'[0m
  ↳ bin/rails:9
  [1m[35m (20.3ms)[0m  [1m[35mCREATE TABLE "schema_migrations" ("version" character varying NOT NULL PRIMARY KEY)[0m
  ↳ bin/rails:9
  [1m[35m (13.9ms)[0m  [1m[35mCREATE TABLE "ar_internal_metadata" ("key" character varying NOT NULL PRIMARY KEY, "value" character varying, "created_at" timestamp NOT NULL, "updated_at" timestamp NOT NULL)[0m
  ↳ bin/rails:9
  [1m[35m (2.3ms)[0m  [1m[34mSELECT "schema_migrations"."version" FROM "schema_migrations" ORDER BY "schema_migrations"."version" ASC[0m
  ↳ bin/rails:9
  [1m[35m (0.9ms)[0m  [1m[34mSELECT pg_try_advisory_lock(723150122408807205)[0m
  ↳ bin/rails:9
  [1m[35m (1.6ms)[0m  [1m[34mSELECT "schema_migrations"."version" FROM "schema_migrations" ORDER BY "schema_migrations"."version" ASC[0m
  ↳ bin/rails:9
Migrating to CreateCat (20201204171739)
  [1m[35m (0.8ms)[0m  [1m[35mBEGIN[0m
  ↳ bin/rails:9
  [1m[35m (24.2ms)[0m  [1m[35mCREATE TABLE "cats" ("id" bigserial primary key, "birth_date" date NOT NULL, "color" character varying NOT NULL, "name" character varying NOT NULL, "sex" character varying(1) NOT NULL, "description" text NOT NULL, "created_at" timestamp NOT NULL, "updated_at" timestamp NOT NULL)[0m
  ↳ db/migrate/20201204171739_create_cat.rb:3
  [1m[36mActiveRecord::SchemaMigration Create (1.1ms)[0m  [1m[32mINSERT INTO "schema_migrations" ("version") VALUES ($1) RETURNING "version"[0m  [["version", "20201204171739"]]
  ↳ bin/rails:9
  [1m[35m (3.5ms)[0m  [1m[35mCOMMIT[0m
  ↳ bin/rails:9
Migrating to CreateCatRentalRequest (20201204213415)
  [1m[35m (0.6ms)[0m  [1m[35mBEGIN[0m
  ↳ bin/rails:9
  [1m[35m (38.6ms)[0m  [1m[35mCREATE TABLE "cat_rental_requests" ("id" bigserial primary key, "cat_id" integer NOT NULL, "start_date" date NOT NULL, "end_date" date NOT NULL, "status" character varying DEFAULT 'PENDING' NOT NULL)[0m
  ↳ db/migrate/20201204213415_create_cat_rental_request.rb:3
  [1m[36mActiveRecord::SchemaMigration Create (1.0ms)[0m  [1m[32mINSERT INTO "schema_migrations" ("version") VALUES ($1) RETURNING "version"[0m  [["version", "20201204213415"]]
  ↳ bin/rails:9
  [1m[35m (2.9ms)[0m  [1m[35mCOMMIT[0m
  ↳ bin/rails:9
Migrating to EditCatRentalRequest (20201204214045)
  [1m[35m (0.7ms)[0m  [1m[35mBEGIN[0m
  ↳ bin/rails:9
  [1m[35m (7.1ms)[0m  [1m[35mCREATE  INDEX  "index_cat_rental_requests_on_cat_id" ON "cat_rental_requests"  ("cat_id")[0m
  ↳ db/migrate/20201204214045_edit_cat_rental_request.rb:3
  [1m[36mActiveRecord::SchemaMigration Create (1.2ms)[0m  [1m[32mINSERT INTO "schema_migrations" ("version") VALUES ($1) RETURNING "version"[0m  [["version", "20201204214045"]]
  ↳ bin/rails:9
  [1m[35m (6.6ms)[0m  [1m[35mCOMMIT[0m
  ↳ bin/rails:9
  [1m[36mActiveRecord::InternalMetadata Load (1.6ms)[0m  [1m[34mSELECT  "ar_internal_metadata".* FROM "ar_internal_metadata" WHERE "ar_internal_metadata"."key" = $1 LIMIT $2[0m  [["key", "environment"], ["LIMIT", 1]]
  ↳ bin/rails:9
  [1m[35m (0.5ms)[0m  [1m[35mBEGIN[0m
  ↳ bin/rails:9
  [1m[36mActiveRecord::InternalMetadata Create (1.1ms)[0m  [1m[32mINSERT INTO "ar_internal_metadata" ("key", "value", "created_at", "updated_at") VALUES ($1, $2, $3, $4) RETURNING "key"[0m  [["key", "environment"], ["value", "development"], ["created_at", "2020-12-05 03:15:12.075986"], ["updated_at", "2020-12-05 03:15:12.075986"]]
  ↳ bin/rails:9
  [1m[35m (2.5ms)[0m  [1m[35mCOMMIT[0m
  ↳ bin/rails:9
  [1m[35m (1.1ms)[0m  [1m[34mSELECT pg_advisory_unlock(723150122408807205)[0m
  ↳ bin/rails:9
  [1m[35m (0.9ms)[0m  [1m[34mSELECT "schema_migrations"."version" FROM "schema_migrations" ORDER BY "schema_migrations"."version" ASC[0m
  ↳ bin/rails:9
  [1m[35m (1.6ms)[0m  [1m[34mSELECT "schema_migrations"."version" FROM "schema_migrations" ORDER BY "schema_migrations"."version" ASC[0m
  ↳ bin/rails:9
  [1m[35m (0.8ms)[0m  [1m[35mBEGIN[0m
  ↳ db/seeds.rb:8
  [1m[36mCat Destroy (1.4ms)[0m  [1m[31mDELETE FROM "cats"[0m
  ↳ db/seeds.rb:9
  [1m[36mCatRentalRequest Destroy (1.3ms)[0m  [1m[31mDELETE FROM "cat_rental_requests"[0m
  ↳ db/seeds.rb:10
  [1m[36mCat Create (1.6ms)[0m  [1m[32mINSERT INTO "cats" ("birth_date", "color", "name", "sex", "description", "created_at", "updated_at") VALUES ($1, $2, $3, $4, $5, $6, $7) RETURNING "id"[0m  [["birth_date", "2020-12-01"], ["color", "black"], ["name", "Salem"], ["sex", "M"], ["description", "Sabrina the Teenage Witch's cat"], ["created_at", "2020-12-05 03:15:48.646329"], ["updated_at", "2020-12-05 03:15:48.646329"]]
  ↳ db/seeds.rb:12
  [1m[36mCat Load (0.8ms)[0m  [1m[34mSELECT  "cats".* FROM "cats" WHERE "cats"."id" = $1 LIMIT $2[0m  [["id", 1], ["LIMIT", 1]]
  ↳ db/seeds.rb:20
  [1m[36mCatRentalRequest Create (1.9ms)[0m  [1m[32mINSERT INTO "cat_rental_requests" ("cat_id", "start_date", "end_date") VALUES ($1, $2, $3) RETURNING "id"[0m  [["cat_id", 1], ["start_date", "2020-12-02"], ["end_date", "2020-12-03"]]
  ↳ db/seeds.rb:20
  [1m[36mCat Load (1.1ms)[0m  [1m[34mSELECT  "cats".* FROM "cats" WHERE "cats"."id" = $1 LIMIT $2[0m  [["id", 1], ["LIMIT", 1]]
  ↳ db/seeds.rb:25
  [1m[36mCatRentalRequest Create (1.1ms)[0m  [1m[32mINSERT INTO "cat_rental_requests" ("cat_id", "start_date", "end_date") VALUES ($1, $2, $3) RETURNING "id"[0m  [["cat_id", 1], ["start_date", "2020-12-02"], ["end_date", "2020-12-03"]]
  ↳ db/seeds.rb:25
  [1m[35m (4.1ms)[0m  [1m[35mCOMMIT[0m
  ↳ db/seeds.rb:8
Started GET "/" for ::1 at 2020-12-04 22:16:50 -0500
  [1m[35m (1.5ms)[0m  [1m[34mSELECT "schema_migrations"."version" FROM "schema_migrations" ORDER BY "schema_migrations"."version" ASC[0m
  ↳ /home/grizzli/.rbenv/versions/2.7.2/lib/ruby/gems/2.7.0/gems/activerecord-5.2.4.4/lib/active_record/log_subscriber.rb:98
Processing by Rails::WelcomeController#index as HTML
  Rendering /home/grizzli/.rbenv/versions/2.7.2/lib/ruby/gems/2.7.0/gems/railties-5.2.4.4/lib/rails/templates/rails/welcome/index.html.erb
  Rendered /home/grizzli/.rbenv/versions/2.7.2/lib/ruby/gems/2.7.0/gems/railties-5.2.4.4/lib/rails/templates/rails/welcome/index.html.erb (94.7ms)
Completed 200 OK in 377ms (Views: 342.9ms | ActiveRecord: 0.0ms)


Started GET "/cats" for ::1 at 2020-12-04 22:17:00 -0500
Processing by CatsController#index as HTML
  Rendering cats/index.html.erb within layouts/application
  [1m[36mCat Load (1.9ms)[0m  [1m[34mSELECT "cats".* FROM "cats"[0m
  ↳ app/views/cats/index.html.erb:4
  Rendered cats/index.html.erb within layouts/application (62.9ms)
Completed 200 OK in 17581ms (Views: 17402.2ms | ActiveRecord: 11.3ms)


Started GET "/cats/1" for ::1 at 2020-12-04 22:17:29 -0500
Processing by CatsController#show as HTML
  Parameters: {"id"=>"1"}
  [1m[36mCat Load (1.5ms)[0m  [1m[34mSELECT  "cats".* FROM "cats" WHERE "cats"."id" = $1 LIMIT $2[0m  [["id", 1], ["LIMIT", 1]]
  ↳ app/controllers/cats_controller.rb:9
  Rendering cats/show.html.erb within layouts/application
  Rendered cats/show.html.erb within layouts/application (1.4ms)
Completed 200 OK in 2265ms (Views: 2104.1ms | ActiveRecord: 11.3ms)


Started GET "/cats/3" for ::1 at 2020-12-04 22:19:10 -0500
Processing by CatsController#show as HTML
  Parameters: {"id"=>"3"}
  [1m[36mCat Load (1.1ms)[0m  [1m[34mSELECT  "cats".* FROM "cats" WHERE "cats"."id" = $1 LIMIT $2[0m  [["id", 3], ["LIMIT", 1]]
  ↳ app/controllers/cats_controller.rb:9
Redirected to http://localhost:3000/cats
Completed 302 Found in 122ms (ActiveRecord: 5.5ms)


Started GET "/cats" for ::1 at 2020-12-04 22:19:12 -0500
Processing by CatsController#index as HTML
  Rendering cats/index.html.erb within layouts/application
  [1m[36mCat Load (1.0ms)[0m  [1m[34mSELECT "cats".* FROM "cats"[0m
  ↳ app/views/cats/index.html.erb:4
  Rendered cats/index.html.erb within layouts/application (30.4ms)
Completed 200 OK in 2383ms (Views: 2270.5ms | ActiveRecord: 8.2ms)


